 ##Z-score and correlation:: Simulation.1  binsize:     0.001000
    0.100     0.000640063     0.110131     0.110308     21226568 
    0.200     0.000331993     0.056699     0.056569     18469784 
    0.300     0.000272921     0.046148     0.046085     18411892 
    0.400     0.000237833     0.039936     0.040023     18167860 
    0.500     0.000215751     0.036258     0.036250     17992756 
    0.600     0.000204464     0.034355     0.034320     17904812 
    0.700     0.000196311     0.032917     0.032810     17848052 
    0.800     0.000192750     0.032332     0.032336     17763760 
    0.900     0.000176052     0.029404     0.029425     17757384 
    1.000     0.000162601     0.027189     0.027313     17731048 
    1.100     0.000160470     0.026609     0.026670     17659248 
    1.200     0.000147527     0.024433     0.024441     17706572 
    1.300     0.000145412     0.024212     0.024268     17570140 
    1.400     0.000123346     0.020749     0.020639     17427472 
    1.500     0.000123070     0.020553     0.020536     17411632 
    1.600     0.000117401     0.019633     0.019620     17433140 
    1.700     0.000116067     0.019370     0.019340     17453692 
    1.800     0.000101780     0.016864     0.016870     17409584 
    1.900     0.000109081     0.018213     0.018136     17376760 
    2.000     0.000096151     0.016126     0.016079     17290752 
    2.100     0.000092590     0.015432     0.015378     17295236 
    2.200     0.000089704     0.014960     0.014892     17307648 
    2.300     0.000084303     0.014049     0.013964     17319580 
    2.400     0.000077065     0.012856     0.012818     17238816 
    2.500     0.000077592     0.012992     0.012971     17180624 
    2.600     0.000078479     0.013100     0.013077     17160252 
    2.700     0.000068908     0.011384     0.011420     17029760 
    2.800     0.000069130     0.011548     0.011496     17113232 
    2.900     0.000062757     0.010451     0.010464     17099224 
    3.000     0.000057963     0.009686     0.009667     17111716 
    3.100     0.000054752     0.009139     0.009115     17093976 
    3.200     0.000047200     0.007823     0.007830     17128856 
    3.300     0.000058394     0.009678     0.009676     17049808 
    3.400     0.000066410     0.010993     0.010988     17066680 
    3.500     0.000048714     0.008089     0.008052     17081744 
    3.600     0.000038809     0.006501     0.006471     17040320 
    3.700     0.000031536     0.005234     0.005249     16986556 
    3.800     0.000043488     0.007242     0.007232     16990856 
    3.900     0.000035324     0.005849     0.005862     16855240 
    4.000     0.000031747     0.005263     0.005295     16872952 
    4.100     0.000022740     0.003769     0.003792     16885484 
    4.200     0.000022861     0.003820     0.003805     16848408 
    4.300     0.000027824     0.004627     0.004614     16879468 
    4.400     0.000020024     0.003333     0.003325     16775188 
    4.500     0.000014719     0.002441     0.002450     16863340 
    4.600     0.000016181     0.002699     0.002694     16794064 
    4.700     0.000009870     0.001657     0.001649     16818124 
    4.800     0.000015642     0.002620     0.002613     16846096 
    4.900     0.000015149     0.002525     0.002524     16810996 
    5.000     0.000024414     0.004063     0.004044     16836356 
    5.100     0.000019571     0.003285     0.003269     16734764 
    5.200     0.000019381     0.003192     0.003205     16829708 
    5.300     0.000020059     0.003312     0.003322     16702452 
    5.400     0.000016832     0.002780     0.002779     16845324 
    5.500     0.000017892     0.002963     0.002968     16729180 
    5.600     0.000015923     0.002629     0.002631     16729144 
    5.700     0.000017531     0.002919     0.002903     16615712 
    5.800     0.000016128     0.002688     0.002670     16552012 
    5.900     0.000009238     0.001540     0.001536     16613420 
    6.000     0.000011451     0.001893     0.001894     16698924 
    6.100     0.000013760     0.002298     0.002289     16704764 
    6.200     0.000014128     0.002342     0.002343     16716844 
    6.300     0.000007233     0.001211     0.001210     16731672 
    6.400     0.000020102     0.003349     0.003354     16717436 
    6.500     0.000004636     0.000776     0.000773     16673076 
    6.600     0.000010655     0.001782     0.001770     16682980 
    6.700    -0.000001632    -0.000274    -0.000272     16611276 
    6.800    -0.000001168    -0.000193    -0.000193     16590832 
    6.900     0.000005278     0.000875     0.000876     16551748 
    7.000     0.000001286     0.000213     0.000212     16731924 
    7.100     0.000006143     0.001021     0.001016     16596600 
    7.200     0.000002882     0.000480     0.000479     16781588 
    7.300    -0.000000841    -0.000139    -0.000140     16637664 
    7.400    -0.000001481    -0.000246    -0.000246     16669324 
    7.500    -0.000003223    -0.000533    -0.000533     16688908 
    7.600    -0.000009827    -0.001628    -0.001629     16581908 
    7.700    -0.000010328    -0.001722    -0.001718     16640364 
    7.800    -0.000006136    -0.001019    -0.001018     16616648 
    7.900    -0.000011188    -0.001863    -0.001860     16484564 
    8.000    -0.000005644    -0.000937    -0.000937     16634792 
    8.100    -0.000004017    -0.000666    -0.000667     16576040 
    8.200    -0.000001400    -0.000232    -0.000232     16596900 
    8.300    -0.000002728    -0.000452    -0.000453     16647884 
    8.400    -0.000001867    -0.000309    -0.000309     16686288 
    8.500    -0.000003369    -0.000556    -0.000560     16691668 
    8.600     0.000001244     0.000207     0.000207     16547656 
    8.700    -0.000010915    -0.001817    -0.001817     16543484 
    8.800    -0.000000552    -0.000092    -0.000092     16598184 
    8.900    -0.000007308    -0.001213    -0.001216     16644424 
    9.000    -0.000002338    -0.000389    -0.000389     16586880 
    9.100    -0.000007079    -0.001172    -0.001175     16483496 
    9.200    -0.000001555    -0.000257    -0.000257     16441544 
    9.300    -0.000005345    -0.000888    -0.000885     16514728 
    9.400    -0.000002597    -0.000432    -0.000432     16497808 
    9.500    -0.000004342    -0.000723    -0.000726     16431956 
    9.600    -0.000009294    -0.001555    -0.001548     16465132 
    9.700    -0.000004331    -0.000721    -0.000721     16405732 
    9.800    -0.000014268    -0.002372    -0.002374     16343884 
    9.900    -0.000009326    -0.001554    -0.001551     16426404 
   10.000    -0.000009845    -0.001624    -0.001629     16429480 
   10.100    -0.000000409    -0.000068    -0.000068     16420388 
   10.200    -0.000012744    -0.002117    -0.002118     16452208 
   10.300    -0.000003661    -0.000606    -0.000608     16420072 
   10.400    -0.000002359    -0.000394    -0.000394     16382956 
   10.500     0.000004311     0.000718     0.000716     16292636 
   10.600     0.000002404     0.000399     0.000400     16395380 
   10.700    -0.000001830    -0.000305    -0.000305     16298804 
   10.800    -0.000004225    -0.000698    -0.000699     16368992 
   10.900    -0.000007252    -0.001199    -0.001200     16307912 
   11.000    -0.000000004    -0.000001    -0.000001     16300768 
   11.100    -0.000000296    -0.000049    -0.000049     16266700 
   11.200    -0.000001191    -0.000197    -0.000197     16272480 
   11.300     0.000000085     0.000014     0.000014     16361276 
   11.400    -0.000002575    -0.000426    -0.000427     16404932 
   11.500    -0.000002519    -0.000420    -0.000417     16362116 
   11.600    -0.000000455    -0.000075    -0.000075     16367736 
   11.700     0.000004421     0.000731     0.000730     16195448 
   11.800     0.000005871     0.000973     0.000967     16088480 
   11.900    -0.000003567    -0.000587    -0.000587     16242784 
   12.000    -0.000008981    -0.001486    -0.001488     16209176 
   12.100    -0.000004175    -0.000688    -0.000687     16175292 
   12.200    -0.000003273    -0.000539    -0.000539     16254020 
   12.300    -0.000000596    -0.000099    -0.000099     16204976 
   12.400    -0.000002054    -0.000339    -0.000339     16207212 
   12.500    -0.000002041    -0.000336    -0.000337     16327152 
   12.600    -0.000013746    -0.002281    -0.002281     16347000 
   12.700    -0.000005966    -0.000982    -0.000985     16179236 
   12.800    -0.000005477    -0.000904    -0.000905     16164944 
   12.900    -0.000000194    -0.000032    -0.000032     16209040 
   13.000    -0.000002557    -0.000419    -0.000420     16092564 
   13.100     0.000003686     0.000604     0.000606     16050872 
   13.200     0.000007135     0.001173     0.001178     16043172 
   13.300    -0.000003740    -0.000611    -0.000613     16141564 
   13.400    -0.000009674    -0.001585    -0.001586     16037456 
   13.500    -0.000005855    -0.000959    -0.000964     16020180 
   13.600    -0.000002382    -0.000390    -0.000392     16110232 
   13.700    -0.000001997    -0.000327    -0.000330     16092020 
   13.800     0.000001604     0.000265     0.000266     16104664 
   13.900     0.000005204     0.000856     0.000858     15958800 
   14.000    -0.000003637    -0.000606    -0.000605     16124696 
   14.100    -0.000010946    -0.001809    -0.001817     16065820 
   14.200    -0.000010749    -0.001784    -0.001773     16010512 
   14.300    -0.000011418    -0.001892    -0.001886     15982804 
   14.400    -0.000006754    -0.001114    -0.001114     15988116 
   14.500    -0.000001977    -0.000328    -0.000328     15995016 
   14.600     0.000010087     0.001659     0.001658     15987944 
   14.700     0.000008393     0.001394     0.001387     15928780 
   14.800    -0.000005149    -0.000850    -0.000850     15929028 
   14.900     0.000001006     0.000166     0.000166     16020264 
   15.000    -0.000000239    -0.000039    -0.000039     15880484 
   15.100     0.000003028     0.000496     0.000498     15986612 
   15.200    -0.000009316    -0.001542    -0.001533     15981344 
   15.300    -0.000004656    -0.000776    -0.000772     15957720 
   15.400     0.000001271     0.000211     0.000210     15988228 
   15.500    -0.000006977    -0.001153    -0.001150     16010140 
   15.600     0.000001342     0.000221     0.000222     15993680 
   15.700    -0.000011142    -0.001833    -0.001833     15786912 
   15.800    -0.000005902    -0.000971    -0.000974     15859832 
   15.900    -0.000008979    -0.001481    -0.001490     15877692 
   16.000    -0.000016474    -0.002712    -0.002727     15848416 
   16.100    -0.000004137    -0.000686    -0.000687     15955276 
   16.200    -0.000009065    -0.001487    -0.001502     15904784 
   16.300    -0.000003155    -0.000523    -0.000523     15833000 
   16.400    -0.000003871    -0.000642    -0.000640     15939224 
   16.500    -0.000005401    -0.000892    -0.000893     15905328 
   16.600     0.000000668     0.000110     0.000110     15905844 
   16.700     0.000003002     0.000496     0.000497     15780724 
   16.800     0.000000321     0.000053     0.000053     15847024 
   16.900     0.000001382     0.000228     0.000229     15788808 
   17.000    -0.000003495    -0.000575    -0.000576     15820360 
   17.100    -0.000000545    -0.000090    -0.000090     15958128 
   17.200     0.000007263     0.001200     0.001197     15882108 
   17.300     0.000006786     0.001129     0.001123     15813284 
   17.400    -0.000000536    -0.000089    -0.000089     15859448 
   17.500    -0.000004002    -0.000661    -0.000658     15805292 
   17.600     0.000001445     0.000240     0.000239     15736580 
   17.700     0.000008394     0.001390     0.001390     15835848 
   17.800     0.000000180     0.000030     0.000030     15852400 
   17.900     0.000001509     0.000249     0.000249     15811656 
   18.000     0.000003390     0.000566     0.000562     15804676 
   18.100    -0.000000658    -0.000109    -0.000108     15798512 
   18.200    -0.000005808    -0.000955    -0.000957     15804576 
   18.300    -0.000001860    -0.000308    -0.000308     15843340 
   18.400     0.000003973     0.000659     0.000660     15805832 
   18.500    -0.000008077    -0.001342    -0.001340     15817116 
   18.600    -0.000003027    -0.000502    -0.000501     15700284 
   18.700     0.000001523     0.000250     0.000251     15690436 
   18.800    -0.000002659    -0.000439    -0.000440     15811404 
   18.900     0.000010280     0.001709     0.001704     15791752 
   19.000     0.000006039     0.000998     0.000997     15720092 
   19.100     0.000000381     0.000063     0.000063     15647532 
   19.200    -0.000003375    -0.000556    -0.000557     15615752 
   19.300    -0.000007105    -0.001173    -0.001172     15645072 
   19.400    -0.000001387    -0.000230    -0.000230     15780092 
   19.500    -0.000000693    -0.000115    -0.000114     15779928 
   19.600    -0.000000458    -0.000076    -0.000075     15582048 
   19.700     0.000009460     0.001563     0.001563     15687112 
   19.800     0.000004809     0.000793     0.000793     15758524 
   19.900    -0.000004464    -0.000735    -0.000734     15687256 
   20.000    -0.000009587    -0.001577    -0.001572     15577556 
   20.100     0.000009626     0.001595     0.001593     15558856 
   20.200     0.000000467     0.000078     0.000077     15529168 
   20.300    -0.000005280    -0.000876    -0.000875     15735036 
   20.400    -0.000003245    -0.000536    -0.000536     15666592 
   20.500     0.000004764     0.000784     0.000787     15744780 
   20.600     0.000001599     0.000263     0.000264     15677848 
   20.700    -0.000001095    -0.000180    -0.000182     15640796 
   20.800    -0.000000748    -0.000124    -0.000124     15538676 
   20.900     0.000002975     0.000492     0.000493     15663512 
   21.000    -0.000001416    -0.000234    -0.000234     15667240 
   21.100    -0.000002777    -0.000459    -0.000459     15531460 
   21.200     0.000001637     0.000271     0.000271     15583212 
   21.300     0.000006685     0.001099     0.001102     15463876 
   21.400     0.000001683     0.000277     0.000278     15525144 
   21.500    -0.000003927    -0.000648    -0.000651     15575260 
   21.600     0.000010510     0.001728     0.001736     15554328 
   21.700     0.000004920     0.000805     0.000811     15585044 
   21.800    -0.000001090    -0.000180    -0.000181     15613816 
   21.900     0.000005595     0.000922     0.000923     15576748 
   22.000    -0.000002661    -0.000434    -0.000438     15424744 
   22.100    -0.000000030    -0.000005    -0.000005     15374920 
   22.200    -0.000002218    -0.000362    -0.000364     15339432 
   22.300     0.000003631     0.000600     0.000601     15453160 
   22.400     0.000005464     0.000910     0.000906     15445692 
   22.500     0.000000122     0.000020     0.000020     15534124 
   22.600     0.000005291     0.000870     0.000872     15476248 
   22.700     0.000002902     0.000481     0.000480     15499176 
   22.800     0.000007726     0.001282     0.001279     15421112 
   22.900     0.000006553     0.001083     0.001080     15283552 
   23.000     0.000001811     0.000300     0.000301     15391508 
   23.100     0.000002874     0.000475     0.000474     15412044 
   23.200     0.000003865     0.000643     0.000642     15432884 
   23.300     0.000006022     0.000995     0.000997     15413732 
   23.400    -0.000000106    -0.000018    -0.000018     15425788 
   23.500    -0.000003720    -0.000616    -0.000614     15436160 
   23.600    -0.000000022    -0.000004    -0.000004     15395852 
   23.700     0.000003992     0.000662     0.000660     15350352 
   23.800    -0.000000479    -0.000079    -0.000079     15404812 
   23.900     0.000001129     0.000187     0.000187     15373692 
   24.000     0.000014107     0.002336     0.002331     15278904 
   24.100     0.000011268     0.001873     0.001866     15397188 
   24.200    -0.000001271    -0.000209    -0.000209     15342588 
   24.300     0.000010464     0.001726     0.001729     15295268 
   24.400     0.000013110     0.002177     0.002173     15411656 
   24.500     0.000010939     0.001824     0.001813     15349816 
   24.600     0.000010577     0.001767     0.001758     15378868 
   24.700     0.000006692     0.001113     0.001110     15417688 
   24.800     0.000009506     0.001565     0.001567     15305976 
   24.900     0.000003244     0.000532     0.000531     15282320 
   25.000     0.000010224     0.001683     0.001686     15284096 
   25.100     0.000008602     0.001432     0.001425     15309972 
   25.200     0.000008685     0.001436     0.001433     15269436 
   25.300     0.000006635     0.001105     0.001102     15386048 
   25.400     0.000002879     0.000477     0.000475     15400648 
   25.500     0.000001290     0.000214     0.000214     15291756 
   25.600    -0.000005057    -0.000841    -0.000842     15248396 
   25.700     0.000000701     0.000115     0.000116     15181632 
   25.800     0.000003326     0.000555     0.000553     15183488 
   25.900     0.000007306     0.001220     0.001210     15140580 
   26.000     0.000006496     0.001075     0.001072     15205212 
   26.100     0.000007122     0.001176     0.001174     15093016 
   26.200     0.000001417     0.000232     0.000233     15152884 
   26.300    -0.000002510    -0.000412    -0.000414     15083076 
   26.400    -0.000005743    -0.000944    -0.000945     15150116 
   26.500    -0.000001454    -0.000241    -0.000241     15105728 
   26.600     0.000008490     0.001404     0.001406     15020244 
   26.700    -0.000003319    -0.000545    -0.000549     15059060 
   26.800     0.000010760     0.001770     0.001772     15010368 
   26.900     0.000005199     0.000860     0.000863     15046728 
   27.000     0.000010520     0.001732     0.001737     15007352 
   27.100     0.000005726     0.000946     0.000944     14859668 
   27.200     0.000006889     0.001134     0.001137     14999976 
   27.300     0.000017696     0.002932     0.002931     14835248 
   27.400     0.000005244     0.000863     0.000868     14951236 
   27.500     0.000006158     0.001007     0.001017     14938488 
   27.600     0.000004334     0.000714     0.000719     14890856 
   27.700     0.000005236     0.000862     0.000866     14933248 
   27.800     0.000019632     0.003221     0.003245     14968472 
   27.900     0.000010665     0.001744     0.001761     15034100 
   28.000     0.000012612     0.002068     0.002077     14975320 
   28.100     0.000006595     0.001087     0.001094     14893144 
   28.200     0.000001919     0.000312     0.000316     14907120 
   28.300     0.000002259     0.000368     0.000372     14894048 
   28.400    -0.000007138    -0.001173    -0.001178     14866080 
   28.500     0.000006049     0.000997     0.001002     14808012 
   28.600     0.000011347     0.001869     0.001878     14807472 
   28.700     0.000009598     0.001582     0.001595     14803060 
   28.800     0.000003875     0.000635     0.000640     14984808 
   28.900     0.000012042     0.001979     0.001993     14946588 
   29.000    -0.000006136    -0.001004    -0.001018     14915820 
   29.100    -0.000008039    -0.001330    -0.001334     14872188 
   29.200    -0.000008027    -0.001319    -0.001324     14820868 
   29.300     0.000004775     0.000787     0.000791     14802540 
   29.400     0.000003934     0.000652     0.000656     14892784 
   29.500     0.000001334     0.000222     0.000223     14735796 
   29.600     0.000005152     0.000852     0.000855     14807464 
   29.700    -0.000010300    -0.001698    -0.001702     14675496 
   29.800    -0.000010699    -0.001749    -0.001755     14589300 
   29.900     0.000002650     0.000438     0.000439     14629424 
   30.000     0.000013032     0.002155     0.002163     14712568 
   30.100     0.000004091     0.000679     0.000683     14661752 
   30.200     0.000007312     0.001218     0.001220     14740648 
   30.300     0.000008921     0.001478     0.001475     14861520 
   30.400    -0.000007423    -0.001222    -0.001226     14720888 
   30.500    -0.000001394    -0.000232    -0.000231     14693444 
   30.600     0.000002195     0.000364     0.000365     14717684 
   30.700     0.000000604     0.000100     0.000100     14730248 
   30.800     0.000007949     0.001317     0.001313     14687612 
   30.900     0.000009684     0.001601     0.001605     14587288 
   31.000     0.000011399     0.001881     0.001886     14657768 
   31.100     0.000001612     0.000264     0.000265     14619428 
   31.200     0.000008088     0.001335     0.001339     14698916 
   31.300     0.000000359     0.000059     0.000059     14592792 
   31.400     0.000013285     0.002212     0.002216     14611252 
   31.500    -0.000006590    -0.001088    -0.001088     14475136 
   31.600     0.000006261     0.001030     0.001038     14511684 
   31.700     0.000004734     0.000781     0.000783     14532960 
   31.800    -0.000001223    -0.000201    -0.000202     14475124 
   31.900     0.000003680     0.000609     0.000608     14506664 
   32.000     0.000000820     0.000135     0.000136     14585928 
   32.100     0.000005246     0.000869     0.000870     14667884 
   32.200     0.000004452     0.000742     0.000741     14504152 
   32.300     0.000002612     0.000436     0.000434     14576044 
   32.400     0.000003685     0.000612     0.000611     14579916 
   32.500    -0.000002603    -0.000433    -0.000433     14626892 
   32.600     0.000006548     0.001096     0.001092     14506448 
   32.700     0.000006323     0.001054     0.001050     14469212 
   32.800    -0.000001257    -0.000209    -0.000209     14543836 
   32.900     0.000006141     0.001016     0.001021     14499568 
   33.000     0.000004174     0.000693     0.000695     14487816 
   33.100    -0.000000530    -0.000088    -0.000088     14392676 
   33.200    -0.000003790    -0.000635    -0.000632     14392916 
   33.300     0.000000497     0.000083     0.000083     14311332 
   33.400     0.000010084     0.001686     0.001684     14303744 
   33.500     0.000005815     0.000964     0.000964     14320736 
   33.600     0.000017865     0.002939     0.002955     14411720 
   33.700     0.000007015     0.001168     0.001168     14411472 
   33.800     0.000008300     0.001382     0.001381     14381076 
   33.900     0.000003871     0.000649     0.000645     14349760 
   34.000     0.000002908     0.000485     0.000485     14344868 
   34.100     0.000005592     0.000932     0.000931     14265388 
   34.200    -0.000007634    -0.001267    -0.001271     14261672 
   34.300    -0.000003949    -0.000660    -0.000659     14282256 
   34.400     0.000003795     0.000630     0.000629     14330456 
   34.500     0.000004224     0.000701     0.000701     14226504 
   34.600     0.000007282     0.001214     0.001210     14171592 
   34.700     0.000000689     0.000113     0.000114     14219080 
   34.800    -0.000002987    -0.000493    -0.000492     14247648 
   34.900    -0.000005123    -0.000836    -0.000842     14205628 
   35.000    -0.000008633    -0.001409    -0.001421     14123236 
   35.100    -0.000001635    -0.000271    -0.000272     14154624 
   35.200    -0.000004830    -0.000797    -0.000798     14099776 
   35.300    -0.000011165    -0.001835    -0.001836     14067272 
   35.400    -0.000009781    -0.001601    -0.001615     14098576 
   35.500     0.000001435     0.000237     0.000237     14117160 
   35.600    -0.000014681    -0.002427    -0.002436     14110900 
   35.700    -0.000004893    -0.000813    -0.000815     14039116 
   35.800    -0.000001539    -0.000255    -0.000255     13942188 
   35.900     0.000001584     0.000264     0.000263     14060784 
   36.000     0.000001588     0.000262     0.000263     14145104 
   36.100    -0.000005113    -0.000839    -0.000843     13996484 
   36.200    -0.000004179    -0.000682    -0.000690     14002168 
   36.300    -0.000006318    -0.001042    -0.001051     14035592 
   36.400    -0.000009289    -0.001542    -0.001539     14025108 
   36.500     0.000007467     0.001227     0.001235     13995572 
   36.600     0.000001719     0.000284     0.000284     13873880 
   36.700    -0.000001951    -0.000323    -0.000323     13847876 
   36.800    -0.000004851    -0.000796    -0.000801     13975184 
   36.900    -0.000007193    -0.001190    -0.001195     13968116 
   37.000    -0.000010316    -0.001700    -0.001701     13957468 
   37.100    -0.000008274    -0.001368    -0.001369     13928268 
   37.200     0.000007779     0.001287     0.001286     13844780 
   37.300    -0.000000673    -0.000111    -0.000112     13874392 
   37.400    -0.000005883    -0.000977    -0.000979     13927716 
   37.500    -0.000005826    -0.000964    -0.000965     13835112 
   37.600    -0.000001701    -0.000282    -0.000281     13748556 
   37.700    -0.000007269    -0.001203    -0.001203     13910832 
   37.800    -0.000009002    -0.001479    -0.001489     13899388 
   37.900    -0.000009329    -0.001544    -0.001546     14024908 
   38.000    -0.000008264    -0.001374    -0.001374     13869784 
   38.100    -0.000002203    -0.000367    -0.000365     13870324 
   38.200    -0.000009599    -0.001581    -0.001588     13981728 
   38.300    -0.000005280    -0.000860    -0.000870     13870252 
   38.400    -0.000014764    -0.002417    -0.002441     13803196 
   38.500    -0.000003748    -0.000619    -0.000621     13865676 
   38.600    -0.000014896    -0.002473    -0.002486     13841452 
   38.700    -0.000001602    -0.000264    -0.000266     13862184 
   38.800    -0.000000581    -0.000096    -0.000097     13839336 
   38.900     0.000000391     0.000065     0.000065     13916156 
   39.000    -0.000010001    -0.001669    -0.001673     13902200 
   39.100    -0.000013333    -0.002228    -0.002228     13740340 
   39.200    -0.000003847    -0.000636    -0.000640     13819576 
   39.300    -0.000010375    -0.001733    -0.001732     13809040 
   39.400     0.000004378     0.000731     0.000731     13801448 
   39.500     0.000002736     0.000451     0.000454     13777528 
   39.600    -0.000012534    -0.002079    -0.002092     13781020 
   39.700    -0.000009792    -0.001614    -0.001626     13761496 
   39.800    -0.000003435    -0.000568    -0.000569     13711200 
   39.900    -0.000001200    -0.000198    -0.000198     13648248 
   40.000    -0.000011077    -0.001835    -0.001849     13550284 
   40.100    -0.000012675    -0.002091    -0.002108     13581504 
   40.200    -0.000002641    -0.000438    -0.000439     13605348 
   40.300     0.000002222     0.000367     0.000369     13679124 
   40.400    -0.000010451    -0.001721    -0.001737     13700976 
   40.500     0.000001186     0.000196     0.000197     13672456 
   40.600     0.000000247     0.000041     0.000041     13571968 
   40.700    -0.000010905    -0.001822    -0.001831     13542864 
   40.800    -0.000005661    -0.000940    -0.000942     13654876 
   40.900    -0.000004713    -0.000781    -0.000786     13476788 
   41.000    -0.000000073    -0.000012    -0.000012     13424532 
   41.100    -0.000003050    -0.000505    -0.000507     13422948 
   41.200     0.000002192     0.000362     0.000363     13564212 
   41.300    -0.000001443    -0.000238    -0.000240     13532556 
   41.400     0.000013938     0.002312     0.002326     13541240 
   41.500    -0.000004663    -0.000771    -0.000775     13516308 
   41.600     0.000003849     0.000632     0.000635     13426480 
   41.700     0.000000477     0.000079     0.000079     13443692 
   41.800    -0.000002279    -0.000377    -0.000378     13481520 
   41.900    -0.000009077    -0.001518    -0.001511     13393712 
   42.000    -0.000018687    -0.003109    -0.003098     13308668 
   42.100    -0.000001773    -0.000293    -0.000292     13393060 
   42.200    -0.000012015    -0.001990    -0.001996     13211200 
   42.300    -0.000011397    -0.001909    -0.001908     13200980 
   42.400    -0.000005049    -0.000833    -0.000839     13270588 
   42.500    -0.000010241    -0.001696    -0.001698     13348180 
   42.600    -0.000010394    -0.001730    -0.001732     13264156 
   42.700    -0.000015097    -0.002497    -0.002500     13259636 
   42.800     0.000002265     0.000372     0.000373     13278172 
   42.900    -0.000003661    -0.000607    -0.000608     13257944 
   43.000    -0.000002468    -0.000409    -0.000410     13322284 
   43.100    -0.000002676    -0.000437    -0.000439     13221768 
   43.200    -0.000002679    -0.000439    -0.000442     13129580 
   43.300    -0.000007463    -0.001226    -0.001238     13106976 
   43.400    -0.000014755    -0.002420    -0.002439     13130792 
   43.500    -0.000005351    -0.000884    -0.000885     13130752 
   43.600    -0.000007681    -0.001274    -0.001270     13116572 
   43.700    -0.000012374    -0.002030    -0.002032     13113792 
   43.800     0.000004423     0.000734     0.000733     13062152 
   43.900     0.000002071     0.000341     0.000343     13067476 
   44.000     0.000005487     0.000907     0.000909     13066204 
   44.100    -0.000005430    -0.000897    -0.000895     13047988 
   44.200    -0.000000269    -0.000044    -0.000044     12922704 
   44.300    -0.000003238    -0.000533    -0.000533     13059020 
   44.400    -0.000000934    -0.000155    -0.000155     13070380 
   44.500     0.000000265     0.000044     0.000044     12927904 
   44.600    -0.000006365    -0.001038    -0.001049     12877896 
   44.700     0.000006078     0.001015     0.001008     12825588 
   44.800     0.000004350     0.000717     0.000717     12908668 
   44.900     0.000004108     0.000673     0.000676     12892800 
   45.000    -0.000000472    -0.000077    -0.000078     12856820 
   45.100     0.000010239     0.001687     0.001693     12935092 
   45.200     0.000005624     0.000924     0.000928     12920820 
   45.300     0.000004002     0.000654     0.000657     12848380 
   45.400     0.000002898     0.000481     0.000480     12847684 
   45.500     0.000002720     0.000448     0.000448     12938004 
   45.600    -0.000005866    -0.000957    -0.000964     12802444 
   45.700    -0.000007877    -0.001290    -0.001295     12791900 
   45.800    -0.000011071    -0.001800    -0.001816     12743436 
   45.900    -0.000003202    -0.000527    -0.000530     12862552 
   46.000     0.000004637     0.000762     0.000764     12767612 
   46.100     0.000000824     0.000136     0.000137     12851868 
   46.200     0.000004211     0.000699     0.000697     12768624 
   46.300    -0.000000128    -0.000021    -0.000021     12764992 
   46.400    -0.000019547    -0.003205    -0.003215     12740760 
   46.500    -0.000005347    -0.000875    -0.000875     12742352 
   46.600     0.000002269     0.000372     0.000373     12687964 
   46.700    -0.000013470    -0.002225    -0.002220     12748768 
   46.800    -0.000006096    -0.001002    -0.001005     12737012 
   46.900    -0.000001594    -0.000264    -0.000263     12696592 
   47.000    -0.000000254    -0.000042    -0.000042     12602328 
   47.100     0.000008515     0.001414     0.001409     12701756 
   47.200     0.000006814     0.001113     0.001122     12575988 
   47.300     0.000000490     0.000081     0.000081     12483352 
   47.400     0.000004781     0.000794     0.000796     12576204 
   47.500    -0.000008725    -0.001433    -0.001434     12613796 
   47.600    -0.000007654    -0.001261    -0.001258     12587956 
   47.700    -0.000000908    -0.000151    -0.000150     12585900 
   47.800    -0.000012971    -0.002133    -0.002137     12599512 
   47.900    -0.000000014    -0.000002    -0.000002     12396096 
   48.000    -0.000012908    -0.002127    -0.002130     12461408 
   48.100    -0.000014143    -0.002307    -0.002321     12526556 
   48.200    -0.000015284    -0.002533    -0.002535     12415116 
   48.300    -0.000018967    -0.003139    -0.003136     12480600 
   48.400    -0.000006282    -0.001037    -0.001031     12431356 
   48.500    -0.000017796    -0.002921    -0.002918     12388820 
   48.600    -0.000013755    -0.002256    -0.002257     12422384 
   48.700    -0.000018571    -0.003066    -0.003050     12364076 
   48.800    -0.000004602    -0.000750    -0.000755     12301692 
   48.900    -0.000010765    -0.001758    -0.001766     12367956 
   49.000     0.000001144     0.000187     0.000189     12431240 
   49.100     0.000003265     0.000536     0.000536     12265980 
   49.200    -0.000003128    -0.000511    -0.000513     12330624 
   49.300    -0.000005506    -0.000905    -0.000906     12300608 
   49.400    -0.000021604    -0.003539    -0.003557     12294500 
   49.500    -0.000008878    -0.001454    -0.001461     12329924 
   49.600     0.000004475     0.000741     0.000741     12430784 
   49.700    -0.000002986    -0.000492    -0.000493     12458088 
   49.800    -0.000006229    -0.001021    -0.001027     12322176 
   49.900    -0.000008939    -0.001469    -0.001474     12287384 
   50.000     0.000006820     0.001122     0.001130     12210644 
   50.100    -0.000006573    -0.001065    -0.001075     12094840 
   50.200     0.000002389     0.000387     0.000391     12078616 
   50.300    -0.000008905    -0.001454    -0.001463     12164148 
   50.400    -0.000004489    -0.000738    -0.000742     11968468 
   50.500    -0.000005343    -0.000882    -0.000888     12161312 
   50.600    -0.000004055    -0.000663    -0.000671     12257816 
   50.700    -0.000003956    -0.000648    -0.000656     12213364 
   50.800    -0.000002696    -0.000444    -0.000446     12152104 
   50.900    -0.000007724    -0.001273    -0.001278     12027080 
   51.000     0.000003160     0.000516     0.000517     12041364 
   51.100     0.000001856     0.000304     0.000305     11928380 
   51.200    -0.000016389    -0.002690    -0.002695     12044800 
   51.300    -0.000013434    -0.002185    -0.002205     12059204 
   51.400    -0.000021691    -0.003562    -0.003573     12014664 
   51.500    -0.000017763    -0.002919    -0.002935     12061800 
   51.600    -0.000012541    -0.002063    -0.002074     12039404 
   51.700    -0.000002844    -0.000465    -0.000469     11961964 
   51.800    -0.000004213    -0.000689    -0.000695     12033508 
   51.900    -0.000011670    -0.001929    -0.001935     11991684 
   52.000    -0.000021090    -0.003485    -0.003494     11926824 
   52.100    -0.000018845    -0.003090    -0.003106     11892096 
   52.200     0.000000455     0.000075     0.000075     11872736 
   52.300    -0.000004398    -0.000717    -0.000719     11859004 
   52.400    -0.000022662    -0.003733    -0.003726     11779096 
   52.500    -0.000011295    -0.001867    -0.001857     11826252 
   52.600    -0.000015211    -0.002501    -0.002504     11820580 
   52.700    -0.000006333    -0.001033    -0.001037     11887028 
   52.800    -0.000008652    -0.001426    -0.001429     11847592 
   52.900    -0.000008835    -0.001462    -0.001458     11754440 
   53.000    -0.000007463    -0.001227    -0.001233     11764524 
   53.100     0.000001770     0.000289     0.000288     11863924 
   53.200     0.000001749     0.000286     0.000287     11852816 
   53.300    -0.000000121    -0.000020    -0.000020     11758868 
   53.400     0.000000644     0.000105     0.000107     11780372 
   53.500     0.000002801     0.000457     0.000463     11756276 
   53.600     0.000005122     0.000844     0.000847     11711096 
   53.700     0.000002539     0.000418     0.000419     11722116 
   53.800    -0.000004681    -0.000768    -0.000773     11661720 
   53.900    -0.000006250    -0.001024    -0.001032     11783080 
   54.000    -0.000007194    -0.001179    -0.001186     11623756 
   54.100    -0.000000998    -0.000163    -0.000164     11635016 
   54.200    -0.000005756    -0.000940    -0.000943     11610712 
   54.300    -0.000002002    -0.000328    -0.000328     11505128 
   54.400    -0.000000775    -0.000129    -0.000129     11596080 
   54.500    -0.000004835    -0.000795    -0.000800     11579868 
   54.600    -0.000007799    -0.001285    -0.001293     11527620 
   54.700     0.000003171     0.000524     0.000527     11616300 
   54.800     0.000003918     0.000640     0.000643     11628500 
   54.900    -0.000004995    -0.000826    -0.000829     11542136 
   55.000    -0.000001592    -0.000263    -0.000264     11532448 
   55.100    -0.000004216    -0.000694    -0.000696     11498452 
   55.200    -0.000009105    -0.001508    -0.001513     11494664 
   55.300    -0.000010455    -0.001740    -0.001742     11608028 
   55.400     0.000000200     0.000033     0.000033     11512504 
   55.500    -0.000004948    -0.000815    -0.000823     11512592 
   55.600    -0.000010138    -0.001672    -0.001685     11531944 
   55.700     0.000000481     0.000079     0.000079     11489320 
   55.800    -0.000007827    -0.001302    -0.001301     11386076 
   55.900    -0.000000392    -0.000065    -0.000065     11389624 
   56.000     0.000006552     0.001081     0.001077     11484616 
   56.100     0.000005393     0.000895     0.000892     11378020 
   56.200     0.000006268     0.001045     0.001038     11359940 
   56.300    -0.000001611    -0.000267    -0.000267     11367632 
   56.400    -0.000003993    -0.000659    -0.000660     11387352 
   56.500    -0.000000802    -0.000132    -0.000132     11489580 
   56.600    -0.000008633    -0.001428    -0.001421     11473496 
   56.700    -0.000002649    -0.000430    -0.000434     11421644 
   56.800     0.000003174     0.000519     0.000520     11406416 
   56.900     0.000002550     0.000415     0.000418     11377080 
   57.000     0.000006601     0.001095     0.001096     11297696 
   57.100     0.000011531     0.001896     0.001903     11233844 
   57.200    -0.000003063    -0.000507    -0.000508     11285344 
   57.300    -0.000001935    -0.000319    -0.000320     11321404 
   57.400     0.000003875     0.000638     0.000639     11201508 
   57.500    -0.000003923    -0.000643    -0.000646     11250176 
   57.600     0.000010987     0.001803     0.001815     11179932 
   57.700     0.000015751     0.002584     0.002599     11227700 
   57.800     0.000015714     0.002592     0.002610     11253516 
   57.900     0.000012574     0.002076     0.002073     11115696 
   58.000     0.000017507     0.002896     0.002898     11217436 
   58.100     0.000008192     0.001345     0.001352     11191136 
   58.200     0.000003454     0.000563     0.000569     11167192 
   58.300     0.000011200     0.001831     0.001844     11106272 
   58.400     0.000008394     0.001376     0.001388     11127188 
   58.500     0.000011448     0.001881     0.001881     11126068 
   58.600    -0.000007192    -0.001185    -0.001187     11121936 
   58.700    -0.000009955    -0.001628    -0.001639     11135048 
   58.800    -0.000000772    -0.000126    -0.000127     11158032 
   58.900     0.000006535     0.001064     0.001082     10995312 
   59.000    -0.000000584    -0.000096    -0.000096     11014480 
   59.100    -0.000006165    -0.001011    -0.001016     10923908 
   59.200    -0.000000650    -0.000108    -0.000108     10934236 
   59.300    -0.000005958    -0.000983    -0.000988     11056240 
   59.400    -0.000001898    -0.000313    -0.000314     11034524 
   59.500    -0.000001855    -0.000305    -0.000306     11062336 
   59.600    -0.000003707    -0.000607    -0.000609     11003600 
   59.700    -0.000006883    -0.001125    -0.001135     10928152 
   59.800    -0.000014184    -0.002332    -0.002348     11001388 
   59.900    -0.000010323    -0.001686    -0.001709     10980956 
   60.000    -0.000011231    -0.001848    -0.001851     10951724 
   60.100    -0.000005070    -0.000838    -0.000839     10881752 
   60.200    -0.000005032    -0.000836    -0.000841     11001316 
   60.300    -0.000018465    -0.003052    -0.003053     10850684 
   60.400    -0.000017887    -0.002904    -0.002917     10871216 
   60.500    -0.000016497    -0.002711    -0.002709     10857168 
   60.600    -0.000003310    -0.000546    -0.000546     10861252 
   60.700    -0.000007498    -0.001232    -0.001242     10973248 
   60.800    -0.000001090    -0.000178    -0.000181     10945920 
   60.900    -0.000011723    -0.001920    -0.001935     10860348 
   61.000    -0.000005698    -0.000928    -0.000940     10811868 
   61.100     0.000010042     0.001627     0.001658     10749088 
   61.200    -0.000001509    -0.000248    -0.000250     10691568 
   61.300    -0.000009360    -0.001536    -0.001541     10727896 
   61.400    -0.000006146    -0.000994    -0.001014     10710504 
   61.500     0.000004503     0.000736     0.000747     10842796 
   61.600     0.000001727     0.000281     0.000284     10707224 
   61.700     0.000000879     0.000143     0.000145     10683512 
   61.800    -0.000008204    -0.001340    -0.001358     10650452 
   61.900    -0.000009002    -0.001480    -0.001489     10653732 
   62.000    -0.000011593    -0.001915    -0.001921     10621984 
   62.100    -0.000002019    -0.000331    -0.000334     10600260 
   62.200    -0.000001983    -0.000323    -0.000328     10705460 
   62.300    -0.000006765    -0.001106    -0.001119     10672068 
   62.400     0.000000363     0.000059     0.000060     10582532 
   62.500    -0.000005482    -0.000892    -0.000903     10498400 
   62.600    -0.000012521    -0.002041    -0.002063     10469824 
   62.700    -0.000017160    -0.002812    -0.002846     10609628 
   62.800    -0.000008481    -0.001385    -0.001401     10500732 
   62.900    -0.000005326    -0.000876    -0.000879     10515804 
   63.000    -0.000011738    -0.001910    -0.001936     10469344 
   63.100    -0.000001012    -0.000166    -0.000168     10495212 
   63.200     0.000004713     0.000783     0.000785     10615644 
   63.300    -0.000000774    -0.000128    -0.000129     10596256 
   63.400    -0.000005966    -0.000985    -0.000994     10418708 
   63.500     0.000004313     0.000715     0.000719     10471396 
   63.600    -0.000012421    -0.002055    -0.002073     10535156 
   63.700    -0.000001720    -0.000284    -0.000287     10557960 
   63.800    -0.000004301    -0.000709    -0.000716     10495472 
   63.900     0.000000255     0.000042     0.000042     10460808 
   64.000     0.000018991     0.003097     0.003147     10304260 
   64.100     0.000004702     0.000777     0.000781     10393480 
   64.200    -0.000004737    -0.000781    -0.000783     10423904 
   64.300    -0.000003434    -0.000566    -0.000568     10374552 
   64.400    -0.000016098    -0.002637    -0.002669     10329812 
   64.500    -0.000022746    -0.003761    -0.003779     10315124 
   64.600    -0.000000562    -0.000093    -0.000093     10341628 
   64.700    -0.000000380    -0.000063    -0.000063     10364392 
   64.800    -0.000002127    -0.000347    -0.000350     10281680 
   64.900    -0.000010486    -0.001699    -0.001727     10225792 
   65.000    -0.000009587    -0.001584    -0.001593     10207528 
   65.100     0.000002103     0.000348     0.000348     10299776 
   65.200    -0.000014139    -0.002333    -0.002345     10238920 
   65.300    -0.000008930    -0.001474    -0.001486     10269484 
   65.400    -0.000018047    -0.002981    -0.002994     10246176 
   65.500    -0.000015892    -0.002627    -0.002639     10280056 
   65.600    -0.000008743    -0.001444    -0.001448     10233424 
   65.700    -0.000009499    -0.001580    -0.001580     10200496 
   65.800    -0.000007724    -0.001272    -0.001283     10238420 
   65.900     0.000006381     0.001050     0.001056     10162464 
   66.000     0.000007234     0.001187     0.001193     10168160 
   66.100     0.000006400     0.001060     0.001067     10124344 
   66.200    -0.000000451    -0.000075    -0.000075     10123776 
   66.300     0.000002599     0.000428     0.000431     10105012 
   66.400    -0.000007355    -0.001205    -0.001211     10139712 
   66.500    -0.000009522    -0.001573    -0.001581     10090960 
   66.600    -0.000008327    -0.001372    -0.001381     10059104 
   66.700     0.000000769     0.000126     0.000128     10243248 
   66.800    -0.000001647    -0.000269    -0.000272     10133312 
   66.900    -0.000006543    -0.001070    -0.001078     10134044 
   67.000    -0.000006842    -0.001126    -0.001130     10105800 
   67.100    -0.000003034    -0.000500    -0.000503     10099128 
   67.200    -0.000010645    -0.001750    -0.001750     10049540 
   67.300    -0.000004229    -0.000697    -0.000700     10101968 
   67.400     0.000001946     0.000321     0.000324     10066552 
   67.500     0.000002363     0.000387     0.000391     10113320 
   67.600     0.000010893     0.001776     0.001797      9979160 
   67.700    -0.000006989    -0.001152    -0.001162     10001308 
   67.800     0.000000221     0.000036     0.000037      9968208 
   67.900     0.000005701     0.000946     0.000952     10033908 
   68.000    -0.000006905    -0.001131    -0.001140      9990232 
   68.100     0.000003501     0.000570     0.000579      9979032 
   68.200     0.000001624     0.000266     0.000269      9998728 
   68.300    -0.000001268    -0.000207    -0.000209      9928156 
   68.400     0.000006806     0.001118     0.001127      9912036 
   68.500     0.000003690     0.000609     0.000618      9927408 
   68.600     0.000007626     0.001252     0.001268      9827284 
   68.700    -0.000001964    -0.000322    -0.000324      9903284 
   68.800     0.000002836     0.000469     0.000470      9960588 
   68.900     0.000002404     0.000395     0.000401      9906768 
   69.000     0.000003794     0.000623     0.000625      9856400 
   69.100    -0.000002808    -0.000460    -0.000465      9909980 
   69.200    -0.000001095    -0.000178    -0.000181      9854180 
   69.300     0.000009993     0.001635     0.001654      9797356 
   69.400     0.000003325     0.000547     0.000550      9827624 
   69.500     0.000000971     0.000161     0.000162      9817564 
   69.600     0.000004584     0.000760     0.000765      9787684 
   69.700     0.000006384     0.001051     0.001064      9800852 
   69.800     0.000007662     0.001273     0.001282      9723144 
   69.900     0.000005961     0.000980     0.000994      9699544 
   70.000     0.000015285     0.002513     0.002546      9629884 
   70.100     0.000008503     0.001412     0.001424      9759940 
   70.200     0.000003816     0.000629     0.000635      9746096 
   70.300     0.000009222     0.001513     0.001524      9702160 
   70.400    -0.000001348    -0.000224    -0.000225      9696656 
   70.500     0.000012197     0.002031     0.002033      9663604 
   70.600    -0.000006646    -0.001101    -0.001107      9607004 
   70.700    -0.000009674    -0.001611    -0.001621      9651444 
   70.800    -0.000010393    -0.001723    -0.001735      9669072 
   70.900     0.000004046     0.000672     0.000682      9684548 
   71.000    -0.000002371    -0.000395    -0.000399      9648632 
   71.100    -0.000000531    -0.000088    -0.000089      9633536 
   71.200     0.000010808     0.001794     0.001812      9526276 
   71.300     0.000002936     0.000487     0.000492      9590376 
   71.400     0.000006998     0.001162     0.001175      9674304 
   71.500    -0.000005706    -0.000946    -0.000955      9622972 
   71.600     0.000007178     0.001195     0.001204      9652368 
   71.700     0.000001016     0.000169     0.000170      9631888 
   71.800     0.000001025     0.000170     0.000171      9520624 
   71.900     0.000001360     0.000226     0.000227      9553360 
   72.000    -0.000001150    -0.000189    -0.000191      9682204 
   72.100    -0.000004658    -0.000767    -0.000777      9560672 
   72.200    -0.000003573    -0.000591    -0.000595      9486396 
   72.300     0.000005193     0.000853     0.000858      9531248 
   72.400     0.000000744     0.000123     0.000124      9530308 
   72.500     0.000006562     0.001092     0.001092      9518844 
   72.600     0.000001502     0.000244     0.000250      9555260 
   72.700     0.000003997     0.000653     0.000666      9489928 
   72.800     0.000002294     0.000375     0.000382      9425820 
   72.900     0.000006200     0.001021     0.001035      9570096 
   73.000     0.000007508     0.001238     0.001250      9483788 
   73.100    -0.000006419    -0.001059    -0.001068      9490216 
   73.200    -0.000001626    -0.000267    -0.000271      9356788 
   73.300     0.000011486     0.001890     0.001906      9400156 
   73.400    -0.000004479    -0.000734    -0.000740      9462732 
   73.500     0.000006786     0.001107     0.001120      9342304 
   73.600     0.000002072     0.000340     0.000343      9383632 
   73.700    -0.000006140    -0.001015    -0.001028      9441880 
   73.800    -0.000002725    -0.000447    -0.000450      9429484 
   73.900    -0.000008589    -0.001400    -0.001418      9321908 
   74.000    -0.000005316    -0.000878    -0.000887      9258972 
   74.100    -0.000003106    -0.000514    -0.000519      9293212 
   74.200    -0.000005442    -0.000902    -0.000914      9367944 
   74.300    -0.000012749    -0.002084    -0.002119      9309040 
   74.400    -0.000009932    -0.001621    -0.001649      9226308 
   74.500    -0.000003880    -0.000638    -0.000649      9263420 
   74.600    -0.000003869    -0.000636    -0.000643      9224792 
   74.700    -0.000002370    -0.000387    -0.000394      9150520 
   74.800    -0.000009615    -0.001574    -0.001592      9091508 
   74.900    -0.000004178    -0.000677    -0.000688      9145440 
   75.000     0.000003084     0.000497     0.000506      9076300 
   75.100    -0.000001599    -0.000259    -0.000264      9106316 
   75.200    -0.000001964    -0.000320    -0.000324      9102328 
   75.300    -0.000011328    -0.001852    -0.001870      9166008 
   75.400    -0.000009204    -0.001502    -0.001520      9084784 
   75.500    -0.000004753    -0.000774    -0.000791      8997104 
   75.600     0.000005450     0.000886     0.000901      9101980 
   75.700    -0.000002303    -0.000379    -0.000382      9142096 
   75.800    -0.000002719    -0.000447    -0.000451      9025168 
   75.900    -0.000014986    -0.002454    -0.002486      8980940 
   76.000    -0.000008123    -0.001332    -0.001344      8926668 
   76.100     0.000017240     0.002887     0.002875      8962792 
   76.200    -0.000000978    -0.000163    -0.000163      9017336 
   76.300    -0.000000837    -0.000138    -0.000139      9023032 
   76.400    -0.000001962    -0.000325    -0.000326      9098104 
   76.500     0.000003554     0.000591     0.000594      8935756 
   76.600    -0.000006024    -0.000993    -0.001004      8893788 
   76.700    -0.000010146    -0.001682    -0.001696      8892772 
   76.800     0.000006269     0.001036     0.001044      8872672 
   76.900    -0.000011616    -0.001905    -0.001924      8919360 
   77.000    -0.000000509    -0.000084    -0.000084      8906056 
   77.100     0.000002229     0.000367     0.000367      8896704 
   77.200    -0.000009190    -0.001516    -0.001521      8965288 
   77.300    -0.000006620    -0.001097    -0.001101      8923496 
   77.400    -0.000007990    -0.001324    -0.001323      8922164 
   77.500    -0.000003768    -0.000628    -0.000631      8866764 
   77.600    -0.000004124    -0.000680    -0.000684      8814724 
   77.700     0.000003188     0.000529     0.000531      8842264 
   77.800     0.000001894     0.000315     0.000315      8869744 
   77.900     0.000003376     0.000557     0.000560      8875004 
   78.000     0.000001928     0.000321     0.000321      8859112 
   78.100     0.000010962     0.001812     0.001821      8892844 
   78.200     0.000010683     0.001762     0.001777      8832740 
   78.300     0.000005806     0.000957     0.000969      8753924 
   78.400    -0.000006453    -0.001068    -0.001081      8749532 
   78.500    -0.000010998    -0.001811    -0.001828      8853876 
   78.600    -0.000008787    -0.001453    -0.001467      8787084 
   78.700    -0.000003200    -0.000533    -0.000534      8909332 
   78.800     0.000010870     0.001784     0.001807      8802216 
   78.900     0.000011811     0.001951     0.001965      8801040 
   79.000     0.000015017     0.002516     0.002508      8697120 
   79.100     0.000002023     0.000340     0.000340      8799400 
   79.200     0.000014803     0.002464     0.002477      8682980 
   79.300    -0.000001043    -0.000172    -0.000174      8710912 
   79.400    -0.000015805    -0.002607    -0.002638      8731368 
   79.500     0.000004588     0.000758     0.000761      8639872 
   79.600     0.000001539     0.000257     0.000256      8595704 
   79.700    -0.000006517    -0.001080    -0.001080      8652584 
   79.800    -0.000005444    -0.000910    -0.000909      8638156 
   79.900    -0.000004241    -0.000701    -0.000708      8609304 
   80.000     0.000003311     0.000546     0.000553      8760532 
   80.100     0.000004174     0.000689     0.000696      8649792 
   80.200    -0.000015769    -0.002636    -0.002637      8668536 
   80.300    -0.000010162    -0.001689    -0.001703      8671012 
   80.400     0.000001129     0.000186     0.000189      8662304 
   80.500     0.000002350     0.000387     0.000391      8654900 
   80.600    -0.000008008    -0.001323    -0.001337      8592684 
   80.700     0.000005942     0.000987     0.000992      8529224 
   80.800     0.000005453     0.000895     0.000908      8616444 
   80.900     0.000012114     0.002005     0.002022      8631032 
   81.000     0.000002319     0.000387     0.000385      8574352 
   81.100    -0.000002738    -0.000461    -0.000461      8513688 
   81.200     0.000006547     0.001090     0.001087      8439856 
   81.300     0.000007329     0.001202     0.001213      8482256 
   81.400    -0.000003338    -0.000552    -0.000554      8453872 
   81.500    -0.000010167    -0.001703    -0.001699      8463596 
   81.600     0.000014997     0.002467     0.002480      8403200 
   81.700     0.000010431     0.001708     0.001722      8353468 
   81.800     0.000005847     0.000953     0.000961      8341460 
   81.900     0.000000025     0.000004     0.000004      8386996 
   82.000     0.000002869     0.000470     0.000475      8353992 
   82.100     0.000003826     0.000628     0.000637      8291348 
   82.200     0.000002696     0.000445     0.000449      8248596 
   82.300     0.000000594     0.000098     0.000099      8269308 
   82.400     0.000009983     0.001636     0.001655      8332888 
   82.500     0.000007682     0.001255     0.001270      8311860 
   82.600     0.000005510     0.000906     0.000911      8312284 
   82.700    -0.000000738    -0.000122    -0.000123      8291068 
   82.800     0.000010037     0.001645     0.001661      8230808 
   82.900     0.000017178     0.002814     0.002827      8219104 
   83.000     0.000012596     0.002071     0.002094      8218980 
   83.100     0.000008855     0.001455     0.001475      8211352 
   83.200     0.000005624     0.000927     0.000934      8249256 
   83.300     0.000008329     0.001370     0.001381      8095872 
   83.400     0.000014242     0.002347     0.002359      8185312 
   83.500     0.000003597     0.000590     0.000595      8115580 
   83.600     0.000008971     0.001470     0.001488      8165744 
   83.700     0.000015880     0.002617     0.002639      8221244 
   83.800     0.000016582     0.002693     0.002739      8125264 
   83.900     0.000008227     0.001341     0.001360      8132284 
   84.000     0.000001186     0.000195     0.000198      8111616 
   84.100     0.000002366     0.000387     0.000393      8091008 
   84.200     0.000016453     0.002688     0.002742      8128008 
   84.300     0.000005760     0.000936     0.000947      8129284 
   84.400     0.000000348     0.000057     0.000058      8074732 
   84.500     0.000010969     0.001789     0.001812      8065664 
   84.600     0.000004321     0.000697     0.000710      8036764 
   84.700     0.000005568     0.000907     0.000921      8053260 
   84.800     0.000003937     0.000642     0.000652      8115716 
   84.900    -0.000003438    -0.000564    -0.000572      8087468 
   85.000    -0.000006428    -0.001050    -0.001069      8026184 
   85.100    -0.000004997    -0.000815    -0.000832      8094340 
   85.200     0.000005450     0.000900     0.000913      8101412 
   85.300     0.000009177     0.001505     0.001520      8050976 
   85.400     0.000006193     0.001002     0.001023      8056340 
   85.500     0.000000137     0.000022     0.000023      8049236 
   85.600     0.000003000     0.000493     0.000498      8088120 
   85.700     0.000006111     0.000999     0.001013      8008576 
   85.800     0.000004474     0.000733     0.000739      8009520 
   85.900    -0.000000106    -0.000017    -0.000017      8010520 
   86.000     0.000004859     0.000784     0.000798      8025116 
   86.100     0.000011851     0.001947     0.001963      8019472 
   86.200     0.000011766     0.001923     0.001945      8009720 
   86.300    -0.000006580    -0.001083    -0.001093      7967504 
   86.400    -0.000002967    -0.000483    -0.000493      8009612 
   86.500    -0.000001588    -0.000263    -0.000265      8022104 
   86.600     0.000000925     0.000153     0.000153      7920160 
   86.700    -0.000001479    -0.000243    -0.000246      7978064 
   86.800    -0.000001497    -0.000247    -0.000250      7974080 
   86.900    -0.000003529    -0.000573    -0.000580      7954092 
   87.000     0.000003290     0.000542     0.000546      7841920 
   87.100     0.000001706     0.000281     0.000283      7890916 
   87.200    -0.000008042    -0.001323    -0.001334      7872640 
   87.300    -0.000013758    -0.002269    -0.002287      7863864 
   87.400     0.000000289     0.000047     0.000048      7817696 
   87.500     0.000002857     0.000475     0.000477      7811284 
   87.600    -0.000000683    -0.000113    -0.000114      7867600 
   87.700    -0.000017267    -0.002824    -0.002859      7801176 
   87.800    -0.000009098    -0.001486    -0.001516      7827604 
   87.900    -0.000008148    -0.001343    -0.001352      7813400 
   88.000    -0.000006232    -0.001020    -0.001032      7722976 
   88.100    -0.000008528    -0.001407    -0.001431      7756464 
   88.200    -0.000002501    -0.000412    -0.000416      7730904 
   88.300    -0.000010316    -0.001699    -0.001717      7711060 
   88.400    -0.000002128    -0.000350    -0.000353      7676432 
   88.500    -0.000004884    -0.000798    -0.000811      7689840 
   88.600     0.000008739     0.001429     0.001454      7722788 
   88.700    -0.000005118    -0.000832    -0.000849      7675764 
   88.800    -0.000001055    -0.000172    -0.000176      7702448 
   88.900    -0.000014097    -0.002312    -0.002350      7676820 
   89.000    -0.000005077    -0.000829    -0.000847      7659036 
   89.100    -0.000005061    -0.000839    -0.000846      7557584 
   89.200    -0.000011261    -0.001832    -0.001875      7636108 
   89.300     0.000002141     0.000347     0.000354      7593096 
   89.400    -0.000008955    -0.001459    -0.001490      7650228 
   89.500     0.000013062     0.002123     0.002162      7598688 
   89.600     0.000001297     0.000211     0.000214      7604104 
   89.700    -0.000009081    -0.001480    -0.001500      7620848 
   89.800    -0.000011131    -0.001836    -0.001854      7575492 
   89.900     0.000002002     0.000324     0.000332      7627016 
   90.000    -0.000010096    -0.001654    -0.001672      7563848 
   90.100    -0.000004275    -0.000697    -0.000709      7555704 
   90.200     0.000005218     0.000848     0.000864      7503692 
   90.300    -0.000004074    -0.000666    -0.000678      7477704 
   90.400     0.000007483     0.001221     0.001233      7450760 
   90.500    -0.000005135    -0.000848    -0.000851      7446816 
   90.600    -0.000009238    -0.001517    -0.001532      7436100 
   90.700     0.000001476     0.000242     0.000245      7460916 
   90.800    -0.000007578    -0.001234    -0.001257      7443916 
   90.900     0.000003862     0.000633     0.000638      7469128 
   91.000    -0.000008269    -0.001364    -0.001380      7455164 
   91.100    -0.000011856    -0.001965    -0.001986      7455420 
   91.200    -0.000004847    -0.000800    -0.000812      7383320 
   91.300     0.000000759     0.000124     0.000126      7356040 
   91.400    -0.000006528    -0.001054    -0.001077      7299588 
   91.500    -0.000014980    -0.002432    -0.002472      7385944 
   91.600    -0.000008470    -0.001382    -0.001399      7316428 
   91.700    -0.000012920    -0.002112    -0.002139      7291384 
   91.800    -0.000020957    -0.003482    -0.003503      7404320 
   91.900    -0.000010374    -0.001699    -0.001735      7382172 
   92.000    -0.000014306    -0.002343    -0.002388      7287648 
   92.100    -0.000010140    -0.001666    -0.001692      7375152 
   92.200    -0.000015524    -0.002548    -0.002570      7283324 
   92.300    -0.000008247    -0.001346    -0.001365      7227964 
   92.400    -0.000002329    -0.000379    -0.000387      7237780 
   92.500     0.000003473     0.000565     0.000573      7225892 
   92.600     0.000007526     0.001237     0.001246      7190956 
   92.700    -0.000001443    -0.000236    -0.000239      7152348 
   92.800    -0.000002563    -0.000418    -0.000424      7156056 
   92.900    -0.000017920    -0.002902    -0.002976      7266432 
   93.000    -0.000014342    -0.002302    -0.002360      7218516 
   93.100    -0.000001584    -0.000254    -0.000261      7127912 
   93.200     0.000007516     0.001224     0.001240      7226312 
   93.300    -0.000014201    -0.002290    -0.002335      7191116 
   93.400    -0.000015079    -0.002467    -0.002495      7138580 
   93.500    -0.000015254    -0.002485    -0.002514      7191284 
   93.600    -0.000007153    -0.001152    -0.001178      7137872 
   93.700    -0.000012469    -0.002014    -0.002060      7091448 
   93.800    -0.000010060    -0.001630    -0.001664      6996208 
   93.900    -0.000023480    -0.003766    -0.003885      7095008 
   94.000    -0.000010783    -0.001748    -0.001793      7041612 
   94.100    -0.000002487    -0.000405    -0.000411      7026528 
   94.200    -0.000022096    -0.003588    -0.003644      7021044 
   94.300    -0.000019160    -0.003148    -0.003180      7077752 
   94.400    -0.000014211    -0.002311    -0.002347      6988420 
   94.500    -0.000023505    -0.003785    -0.003872      7007504 
   94.600    -0.000014051    -0.002270    -0.002312      7015188 
   94.700    -0.000011390    -0.001846    -0.001879      6951684 
   94.800    -0.000009811    -0.001585    -0.001605      6955180 
   94.900     0.000000788     0.000127     0.000129      6930036 
   95.000    -0.000018812    -0.003049    -0.003094      7010332 
   95.100    -0.000022623    -0.003668    -0.003730      6982356 
   95.200    -0.000014616    -0.002371    -0.002410      7014808 
   95.300    -0.000014174    -0.002282    -0.002327      6903952 
   95.400    -0.000007909    -0.001294    -0.001299      7001160 
   95.500    -0.000009511    -0.001532    -0.001564      6950076 
   95.600    -0.000004388    -0.000715    -0.000730      6924812 
   95.700     0.000003122     0.000504     0.000515      6969076 
   95.800     0.000000964     0.000156     0.000160      6874868 
   95.900    -0.000003080    -0.000504    -0.000514      6954856 
   96.000    -0.000007916    -0.001299    -0.001324      6953524 
   96.100    -0.000006698    -0.001086    -0.001111      7003024 
   96.200    -0.000005807    -0.000937    -0.000963      6948652 
   96.300    -0.000009811    -0.001606    -0.001638      6955356 
   96.400    -0.000007292    -0.001183    -0.001206      6846860 
   96.500    -0.000010454    -0.001712    -0.001740      6969340 
   96.600    -0.000008477    -0.001383    -0.001410      6914332 
   96.700    -0.000003394    -0.000557    -0.000563      6831568 
   96.800    -0.000001132    -0.000186    -0.000188      6791488 
   96.900    -0.000005751    -0.000926    -0.000948      6819572 
   97.000    -0.000005043    -0.000830    -0.000849      6798292 
   97.100    -0.000000530    -0.000086    -0.000088      6824784 
   97.200     0.000003313     0.000538     0.000545      6818604 
   97.300    -0.000000694    -0.000113    -0.000115      6812992 
   97.400    -0.000001098    -0.000181    -0.000183      6787916 
   97.500    -0.000005943    -0.000971    -0.000985      6755648 
   97.600    -0.000009165    -0.001492    -0.001519      6736912 
   97.700     0.000000378     0.000061     0.000062      6740820 
   97.800    -0.000000851    -0.000138    -0.000140      6776660 
   97.900     0.000003715     0.000604     0.000613      6721620 
   98.000     0.000002351     0.000381     0.000388      6735640 
   98.100    -0.000014167    -0.002331    -0.002360      6722816 
   98.200    -0.000009506    -0.001554    -0.001582      6707424 
   98.300     0.000001129     0.000185     0.000188      6767904 
   98.400     0.000002551     0.000413     0.000421      6795032 
   98.500    -0.000002895    -0.000470    -0.000477      6745532 
   98.600     0.000025309     0.004016     0.004129      6581852 
   98.700     0.000001578     0.000256     0.000261      6637224 
   98.800     0.000006440     0.001047     0.001069      6630904 
   98.900     0.000003317     0.000542     0.000551      6544156 
   99.000    -0.000008673    -0.001415    -0.001438      6554296 
   99.100    -0.000004150    -0.000674    -0.000685      6597656 
   99.200    -0.000008058    -0.001330    -0.001353      6580652 
   99.300     0.000000365     0.000060     0.000061      6517164 
   99.400    -0.000014319    -0.002362    -0.002397      6561788 
   99.500    -0.000005508    -0.000909    -0.000919      6587860 
   99.600     0.000004374     0.000721     0.000726      6539276 
   99.700    -0.000008701    -0.001426    -0.001437      6533076 
   99.800    -0.000010428    -0.001687    -0.001712      6551324 
   99.900    -0.000001774    -0.000289    -0.000293      6488392 
  100.000    -0.000006623    -0.001078    -0.001095      6441584 
