 ##Z-score and correlation:: Simulation  binsize:     0.001000
    0.100     0.000667104     0.113616     0.114598      5306642 
    0.200     0.000325289     0.055036     0.054945      4617446 
    0.300     0.000296282     0.049823     0.049607      4602973 
    0.400     0.000253392     0.042223     0.042258      4541965 
    0.500     0.000233964     0.039059     0.038978      4498189 
    0.600     0.000229053     0.038438     0.038147      4476203 
    0.700     0.000212222     0.035458     0.035333      4462013 
    0.800     0.000194103     0.032238     0.032266      4440940 
    0.900     0.000185419     0.030724     0.030934      4439346 
    1.000     0.000177321     0.029318     0.029556      4432762 
    1.100     0.000166854     0.027572     0.027642      4414812 
    1.200     0.000160524     0.026696     0.026656      4426643 
    1.300     0.000156095     0.025971     0.026015      4392535 
    1.400     0.000127382     0.021497     0.021350      4356868 
    1.500     0.000145800     0.024155     0.024325      4352908 
    1.600     0.000137036     0.022876     0.023002      4358285 
    1.700     0.000133960     0.022289     0.022359      4363423 
    1.800     0.000144651     0.023986     0.024143      4352396 
    1.900     0.000116955     0.019487     0.019363      4344190 
    2.000     0.000106122     0.017845     0.017848      4322688 
    2.100     0.000110292     0.018358     0.018417      4323809 
    2.200     0.000098562     0.016381     0.016354      4326912 
    2.300     0.000088442     0.014711     0.014670      4329895 
    2.400     0.000105847     0.017548     0.017571      4309704 
    2.500     0.000104749     0.017465     0.017511      4295156 
    2.600     0.000101991     0.016937     0.017021      4290063 
    2.700     0.000088619     0.014592     0.014714      4257440 
    2.800     0.000066036     0.011016     0.011066      4278308 
    2.900     0.000071462     0.011970     0.011998      4274806 
    3.000     0.000077216     0.012834     0.012890      4277929 
    3.100     0.000055975     0.009444     0.009401      4273494 
    3.200     0.000079274     0.013264     0.013268      4282214 
    3.300     0.000075229     0.012627     0.012599      4262452 
    3.400     0.000077901     0.012912     0.012931      4266670 
    3.500     0.000069968     0.011589     0.011598      4270436 
    3.600     0.000048468     0.008143     0.008088      4260080 
    3.700     0.000034145     0.005668     0.005690      4246639 
    3.800     0.000049441     0.008291     0.008267      4247714 
    3.900     0.000028879     0.004769     0.004754      4213810 
    4.000     0.000044148     0.007360     0.007357      4218238 
    4.100     0.000034135     0.005703     0.005702      4221371 
    4.200     0.000036154     0.006030     0.006026      4212102 
    4.300     0.000049204     0.008209     0.008160      4219867 
    4.400     0.000054222     0.009012     0.009011      4193797 
    4.500     0.000048417     0.007982     0.008056      4215835 
    4.600     0.000047459     0.007861     0.007932      4198516 
    4.700     0.000054114     0.009046     0.009021      4204531 
    4.800     0.000028333     0.004705     0.004719      4211524 
    4.900     0.000045307     0.007546     0.007554      4202749 
    5.000     0.000060697     0.010040     0.010062      4209089 
    5.100     0.000052118     0.008630     0.008665      4183691 
    5.200     0.000048177     0.007890     0.007957      4207427 
    5.300     0.000036637     0.006025     0.006080      4175613 
    5.400     0.000046817     0.007638     0.007668      4211331 
    5.500     0.000040641     0.006631     0.006697      4182295 
    5.600     0.000047151     0.007784     0.007793      4182286 
    5.700     0.000047238     0.007873     0.007852      4153928 
    5.800     0.000045424     0.007568     0.007552      4138003 
    5.900     0.000046864     0.007752     0.007759      4153355 
    6.000     0.000050941     0.008414     0.008423      4174731 
    6.100     0.000041375     0.006924     0.006917      4176191 
    6.200     0.000042985     0.007075     0.007077      4179211 
    6.300     0.000031429     0.005241     0.005223      4182918 
    6.400     0.000030153     0.005009     0.005021      4179359 
    6.500     0.000031511     0.005264     0.005262      4168269 
    6.600     0.000020259     0.003394     0.003384      4170745 
    6.700     0.000016512     0.002779     0.002764      4152819 
    6.800     0.000007440     0.001234     0.001235      4147708 
    6.900     0.000024609     0.004101     0.004097      4137937 
    7.000     0.000032450     0.005384     0.005353      4182981 
    7.100     0.000023968     0.003976     0.003961      4149150 
    7.200     0.000034042     0.005658     0.005670      4195397 
    7.300     0.000018863     0.003120     0.003135      4159416 
    7.400     0.000014079     0.002333     0.002346      4167331 
    7.500     0.000016309     0.002682     0.002694      4172227 
    7.600     0.000029054     0.004818     0.004838      4145477 
    7.700     0.000037153     0.006190     0.006180      4160091 
    7.800     0.000032827     0.005432     0.005418      4154162 
    7.900     0.000027064     0.004500     0.004486      4121141 
    8.000     0.000033465     0.005590     0.005568      4158698 
    8.100     0.000033565     0.005597     0.005601      4144010 
    8.200     0.000028561     0.004694     0.004717      4149225 
    8.300     0.000039533     0.006505     0.006556      4161971 
    8.400     0.000023520     0.003874     0.003900      4171572 
    8.500     0.000019444     0.003233     0.003246      4172917 
    8.600     0.000026929     0.004437     0.004445      4136914 
    8.700     0.000036729     0.006146     0.006126      4135871 
    8.800     0.000043256     0.007160     0.007154      4149546 
    8.900     0.000033356     0.005552     0.005561      4161106 
    9.000     0.000022418     0.003760     0.003736      4146720 
    9.100     0.000007131     0.001179     0.001186      4120874 
    9.200     0.000021823     0.003615     0.003621      4110386 
    9.300     0.000006585     0.001098     0.001092      4128682 
    9.400     0.000022706     0.003776     0.003793      4124452 
    9.500     0.000030079     0.005024     0.005046      4107989 
    9.600     0.000006103     0.001018     0.001017      4116283 
    9.700     0.000019806     0.003287     0.003288      4101433 
    9.800     0.000027803     0.004601     0.004611      4085971 
    9.900     0.000034333     0.005709     0.005711      4106601 
   10.000     0.000025901     0.004309     0.004310      4107370 
   10.100     0.000017965     0.002956     0.002964      4105097 
   10.200     0.000021913     0.003645     0.003641      4113052 
   10.300     0.000027010     0.004490     0.004518      4105018 
   10.400     0.000017973     0.002973     0.003001      4095739 
   10.500     0.000021755     0.003576     0.003597      4073159 
   10.600     0.000020094     0.003339     0.003333      4098845 
   10.700     0.000014399     0.002404     0.002389      4074701 
   10.800     0.000020577     0.003414     0.003418      4092248 
   10.900     0.000011770     0.001957     0.001956      4076978 
   11.000     0.000009973     0.001659     0.001654      4075192 
   11.100     0.000003634     0.000603     0.000603      4066675 
   11.200     0.000017673     0.002936     0.002939      4068120 
   11.300     0.000007197     0.001182     0.001193      4090319 
   11.400     0.000031349     0.005144     0.005176      4101233 
   11.500     0.000017327     0.002890     0.002868      4090529 
   11.600    -0.000008156    -0.001348    -0.001345      4091934 
   11.700    -0.000012691    -0.002081    -0.002096      4048862 
   11.800    -0.000002325    -0.000384    -0.000384      4022120 
   11.900     0.000001321     0.000217     0.000217      4060696 
   12.000    -0.000001281    -0.000212    -0.000213      4052294 
   12.100    -0.000010680    -0.001769    -0.001769      4043823 
   12.200    -0.000018656    -0.003066    -0.003073      4063505 
   12.300    -0.000018550    -0.003079    -0.003083      4051244 
   12.400    -0.000009912    -0.001634    -0.001641      4051803 
   12.500    -0.000016935    -0.002791    -0.002801      4081788 
   12.600    -0.000013701    -0.002282    -0.002282      4086750 
   12.700     0.000008526     0.001403     0.001409      4044809 
   12.800    -0.000014718    -0.002425    -0.002428      4041236 
   12.900     0.000005483     0.000895     0.000898      4052260 
   13.000     0.000007181     0.001179     0.001180      4023141 
   13.100    -0.000014916    -0.002418    -0.002449      4012718 
   13.200    -0.000009306    -0.001523    -0.001538      4010793 
   13.300    -0.000004236    -0.000695    -0.000696      4035391 
   13.400     0.000001987     0.000325     0.000327      4009364 
   13.500     0.000015265     0.002500     0.002513      4005045 
   13.600     0.000017874     0.002922     0.002944      4027558 
   13.700     0.000000261     0.000042     0.000043      4023005 
   13.800    -0.000000800    -0.000130    -0.000132      4026166 
   13.900    -0.000004155    -0.000679    -0.000686      3989700 
   14.000    -0.000002097    -0.000347    -0.000348      4031174 
   14.100     0.000009604     0.001575     0.001599      4016455 
   14.200    -0.000004893    -0.000809    -0.000805      4002628 
   14.300     0.000006724     0.001111     0.001107      3995701 
   14.400     0.000005886     0.000969     0.000971      3997029 
   14.500     0.000012848     0.002119     0.002132      3998754 
   14.600    -0.000010736    -0.001776    -0.001770      3996986 
   14.700    -0.000021367    -0.003539    -0.003559      3982195 
   14.800    -0.000006717    -0.001104    -0.001115      3982257 
   14.900     0.000000208     0.000034     0.000035      4005066 
   15.000    -0.000000303    -0.000049    -0.000050      3970121 
   15.100    -0.000003475    -0.000566    -0.000570      3996653 
   15.200     0.000005210     0.000869     0.000862      3995336 
   15.300    -0.000001320    -0.000218    -0.000218      3989430 
   15.400    -0.000000562    -0.000093    -0.000093      3997057 
   15.500     0.000007195     0.001193     0.001194      4002535 
   15.600    -0.000004219    -0.000691    -0.000696      3998420 
   15.700    -0.000015587    -0.002582    -0.002584      3946728 
   15.800    -0.000023762    -0.003922    -0.003933      3964958 
   15.900    -0.000013721    -0.002263    -0.002270      3969423 
   16.000    -0.000022754    -0.003730    -0.003751      3962104 
   16.100    -0.000013479    -0.002235    -0.002243      3988819 
   16.200    -0.000042813    -0.007064    -0.007074      3976196 
   16.300    -0.000036786    -0.006125    -0.006122      3958250 
   16.400    -0.000029799    -0.004907    -0.004900      3984806 
   16.500    -0.000018778    -0.003131    -0.003105      3976332 
   16.600    -0.000018626    -0.003061    -0.003083      3976461 
   16.700    -0.000021258    -0.003481    -0.003502      3945181 
   16.800    -0.000008027    -0.001328    -0.001330      3961756 
   16.900    -0.000022156    -0.003649    -0.003671      3947202 
   17.000    -0.000002074    -0.000341    -0.000343      3955090 
   17.100    -0.000015756    -0.002632    -0.002621      3989532 
   17.200    -0.000009326    -0.001552    -0.001546      3970527 
   17.300    -0.000002566    -0.000427    -0.000426      3953321 
   17.400    -0.000018740    -0.003126    -0.003118      3964862 
   17.500    -0.000000683    -0.000113    -0.000113      3951323 
   17.600    -0.000006072    -0.000995    -0.001003      3934145 
   17.700    -0.000015521    -0.002588    -0.002576      3958962 
   17.800    -0.000033969    -0.005534    -0.005583      3963100 
   17.900     0.000007502     0.001242     0.001245      3952914 
   18.000    -0.000020217    -0.003378    -0.003359      3951169 
   18.100    -0.000004805    -0.000805    -0.000793      3949628 
   18.200    -0.000005451    -0.000887    -0.000896      3951144 
   18.300    -0.000015528    -0.002549    -0.002547      3960835 
   18.400    -0.000010369    -0.001704    -0.001714      3951458 
   18.500    -0.000006023    -0.000997    -0.000999      3954279 
   18.600     0.000004011     0.000662     0.000666      3925071 
   18.700    -0.000006532    -0.001078    -0.001078      3922609 
   18.800    -0.000013318    -0.002206    -0.002210      3952851 
   18.900     0.000008167     0.001353     0.001357      3947938 
   19.000    -0.000013672    -0.002236    -0.002259      3930023 
   19.100     0.000001183     0.000195     0.000196      3911883 
   19.200    -0.000020059    -0.003318    -0.003327      3903938 
   19.300    -0.000032890    -0.005406    -0.005414      3911268 
   19.400    -0.000024020    -0.003984    -0.003983      3945023 
   19.500    -0.000019429    -0.003233    -0.003202      3944982 
   19.600    -0.000006137    -0.001019    -0.001015      3895512 
   19.700    -0.000001471    -0.000244    -0.000244      3921778 
   19.800    -0.000024184    -0.004000    -0.004001      3939631 
   19.900    -0.000009245    -0.001511    -0.001519      3921814 
   20.000    -0.000012354    -0.002017    -0.002024      3894389 
   20.100    -0.000013074    -0.002160    -0.002163      3889714 
   20.200    -0.000016932    -0.002789    -0.002807      3882292 
   20.300    -0.000021267    -0.003518    -0.003529      3933759 
   20.400    -0.000014135    -0.002322    -0.002341      3916648 
   20.500    -0.000005357    -0.000878    -0.000882      3936195 
   20.600    -0.000010632    -0.001734    -0.001754      3919462 
   20.700    -0.000003292    -0.000541    -0.000544      3910199 
   20.800    -0.000004137    -0.000688    -0.000684      3884669 
   20.900    -0.000000612    -0.000102    -0.000101      3915878 
   21.000    -0.000001909    -0.000313    -0.000315      3916810 
   21.100    -0.000012892    -0.002134    -0.002126      3882865 
   21.200    -0.000018834    -0.003131    -0.003122      3895803 
   21.300    -0.000020209    -0.003316    -0.003331      3865969 
   21.400    -0.000006525    -0.001079    -0.001079      3881286 
   21.500    -0.000011509    -0.001890    -0.001906      3893815 
   21.600     0.000003732     0.000613     0.000615      3888582 
   21.700    -0.000010580    -0.001742    -0.001745      3896261 
   21.800    -0.000008745    -0.001447    -0.001451      3903454 
   21.900    -0.000009346    -0.001560    -0.001554      3894187 
   22.000    -0.000005504    -0.000912    -0.000912      3856186 
   22.100     0.000005488     0.000901     0.000904      3843730 
   22.200    -0.000000925    -0.000154    -0.000153      3834858 
   22.300     0.000000237     0.000039     0.000039      3863290 
   22.400    -0.000006242    -0.001046    -0.001037      3861423 
   22.500     0.000004687     0.000774     0.000774      3883531 
   22.600    -0.000000172    -0.000028    -0.000028      3869062 
   22.700    -0.000007437    -0.001230    -0.001229      3874794 
   22.800    -0.000011845    -0.001964    -0.001965      3855278 
   22.900    -0.000008939    -0.001482    -0.001480      3820888 
   23.000    -0.000002317    -0.000384    -0.000384      3847877 
   23.100    -0.000011548    -0.001924    -0.001909      3853011 
   23.200     0.000006743     0.001126     0.001126      3858221 
   23.300     0.000001759     0.000293     0.000292      3853433 
   23.400    -0.000013478    -0.002241    -0.002237      3856447 
   23.500     0.000005471     0.000911     0.000911      3859040 
   23.600     0.000012956     0.002167     0.002162      3848963 
   23.700    -0.000016934    -0.002804    -0.002798      3837588 
   23.800    -0.000036247    -0.005977    -0.005997      3851203 
   23.900    -0.000026447    -0.004411    -0.004413      3843423 
   24.000    -0.000005388    -0.000899    -0.000894      3819726 
   24.100    -0.000011028    -0.001847    -0.001833      3849297 
   24.200    -0.000002867    -0.000476    -0.000474      3835647 
   24.300    -0.000012410    -0.002051    -0.002054      3823817 
   24.400    -0.000028281    -0.004734    -0.004733      3852914 
   24.500    -0.000022263    -0.003715    -0.003702      3837454 
   24.600    -0.000015835    -0.002650    -0.002635      3844717 
   24.700    -0.000017468    -0.002921    -0.002892      3854422 
   24.800    -0.000018444    -0.003049    -0.003044      3826494 
   24.900    -0.000019777    -0.003228    -0.003241      3820580 
   25.000    -0.000015145    -0.002488    -0.002509      3821024 
   25.100    -0.000006452    -0.001075    -0.001071      3827493 
   25.200    -0.000019515    -0.003227    -0.003222      3817359 
   25.300    -0.000004812    -0.000800    -0.000799      3846512 
   25.400    -0.000026494    -0.004381    -0.004367      3850162 
   25.500    -0.000037107    -0.006093    -0.006126      3822939 
   25.600    -0.000024922    -0.004144    -0.004149      3812099 
   25.700    -0.000037024    -0.006108    -0.006131      3795408 
   25.800    -0.000021297    -0.003583    -0.003563      3795872 
   25.900    -0.000014635    -0.002438    -0.002418      3785145 
   26.000    -0.000018749    -0.003105    -0.003098      3801303 
   26.100    -0.000025105    -0.004134    -0.004136      3773254 
   26.200    -0.000015222    -0.002519    -0.002518      3788221 
   26.300    -0.000020451    -0.003351    -0.003356      3770769 
   26.400    -0.000023399    -0.003860    -0.003836      3787529 
   26.500    -0.000016324    -0.002703    -0.002703      3776432 
   26.600     0.000010585     0.001747     0.001749      3755061 
   26.700     0.000008418     0.001381     0.001392      3764765 
   26.800    -0.000020223    -0.003327    -0.003328      3752592 
   26.900    -0.000008397    -0.001391    -0.001397      3761682 
   27.000     0.000006068     0.000988     0.000995      3751838 
   27.100    -0.000003218    -0.000528    -0.000528      3714917 
   27.200    -0.000009859    -0.001628    -0.001637      3749994 
   27.300    -0.000002997    -0.000501    -0.000500      3708812 
   27.400    -0.000006328    -0.001048    -0.001056      3737809 
   27.500    -0.000006425    -0.001045    -0.001058      3734622 
   27.600    -0.000016140    -0.002640    -0.002663      3722714 
   27.700    -0.000012094    -0.001981    -0.002001      3733312 
   27.800     0.000000218     0.000036     0.000036      3742118 
   27.900     0.000004172     0.000678     0.000690      3758525 
   28.000     0.000008564     0.001397     0.001409      3743830 
   28.100    -0.000003173    -0.000523    -0.000525      3723286 
   28.200    -0.000003552    -0.000582    -0.000587      3726780 
   28.300     0.000014489     0.002388     0.002401      3723512 
   28.400     0.000000536     0.000088     0.000089      3716520 
   28.500     0.000018691     0.003087     0.003092      3702003 
   28.600     0.000020281     0.003324     0.003344      3701868 
   28.700     0.000016739     0.002747     0.002775      3700765 
   28.800     0.000029063     0.004742     0.004807      3746202 
   28.900     0.000020718     0.003397     0.003409      3736647 
   29.000     0.000032119     0.005211     0.005288      3728955 
   29.100     0.000007364     0.001208     0.001216      3718047 
   29.200     0.000024398     0.003972     0.004011      3705217 
   29.300     0.000014620     0.002396     0.002419      3700635 
   29.400     0.000031711     0.005272     0.005268      3723196 
   29.500     0.000024117     0.003950     0.003965      3683949 
   29.600     0.000023263     0.003832     0.003843      3701866 
   29.700     0.000026269     0.004342     0.004344      3668874 
   29.800     0.000021632     0.003544     0.003555      3647325 
   29.900     0.000028632     0.004693     0.004715      3657356 
   30.000     0.000007652     0.001248     0.001263      3678142 
   30.100    -0.000002667    -0.000433    -0.000439      3665438 
   30.200     0.000013140     0.002164     0.002164      3685162 
   30.300     0.000024983     0.004072     0.004114      3715380 
   30.400    -0.000015314    -0.002481    -0.002502      3680222 
   30.500     0.000000654     0.000107     0.000107      3673361 
   30.600    -0.000000849    -0.000140    -0.000141      3679421 
   30.700     0.000009165     0.001514     0.001519      3682562 
   30.800    -0.000001867    -0.000306    -0.000307      3671903 
   30.900     0.000005549     0.000905     0.000913      3646822 
   31.000     0.000011514     0.001893     0.001906      3664442 
   31.100     0.000006454     0.001043     0.001055      3654857 
   31.200     0.000025535     0.004136     0.004189      3674729 
   31.300     0.000009295     0.001517     0.001529      3648198 
   31.400    -0.000007646    -0.001269    -0.001274      3652813 
   31.500     0.000001872     0.000309     0.000311      3618784 
   31.600    -0.000000783    -0.000129    -0.000129      3627921 
   31.700     0.000014166     0.002327     0.002334      3633240 
   31.800     0.000009631     0.001594     0.001592      3618781 
   31.900     0.000017205     0.002835     0.002850      3626666 
   32.000     0.000024223     0.003995     0.004006      3646482 
   32.100     0.000010137     0.001679     0.001689      3666971 
   32.200     0.000020701     0.003467     0.003474      3626038 
   32.300     0.000032406     0.005371     0.005370      3644011 
   32.400     0.000018626     0.003094     0.003086      3644979 
   32.500     0.000009734     0.001620     0.001619      3656723 
   32.600    -0.000002746    -0.000457    -0.000457      3626612 
   32.700    -0.000003727    -0.000614    -0.000617      3617303 
   32.800    -0.000012948    -0.002147    -0.002145      3635959 
   32.900    -0.000020512    -0.003378    -0.003394      3624892 
   33.000     0.000018206     0.003054     0.003051      3621954 
   33.100     0.000004647     0.000777     0.000780      3598169 
   33.200    -0.000016144    -0.002653    -0.002688      3598229 
   33.300    -0.000026174    -0.004292    -0.004319      3577833 
   33.400     0.000011149     0.001841     0.001848      3575936 
   33.500    -0.000010104    -0.001642    -0.001660      3580184 
   33.600     0.000002837     0.000462     0.000467      3602930 
   33.700    -0.000011728    -0.001910    -0.001926      3602868 
   33.800    -0.000008509    -0.001398    -0.001404      3595269 
   33.900    -0.000012780    -0.002119    -0.002121      3587440 
   34.000    -0.000003426    -0.000568    -0.000569      3586217 
   34.100     0.000010897     0.001795     0.001807      3566347 
   34.200    -0.000014337    -0.002363    -0.002385      3565418 
   34.300    -0.000010702    -0.001768    -0.001771      3570564 
   34.400    -0.000008986    -0.001474    -0.001485      3582614 
   34.500    -0.000008363    -0.001374    -0.001385      3556626 
   34.600     0.000005522     0.000922     0.000921      3542898 
   34.700     0.000004134     0.000677     0.000684      3554770 
   34.800    -0.000008163    -0.001337    -0.001342      3561912 
   34.900     0.000007550     0.001222     0.001232      3551407 
   35.000     0.000017803     0.002871     0.002927      3530809 
   35.100     0.000012329     0.002017     0.002040      3538656 
   35.200     0.000003913     0.000637     0.000646      3524944 
   35.300     0.000005533     0.000899     0.000907      3516818 
   35.400     0.000027338     0.004483     0.004516      3524644 
   35.500     0.000046971     0.007712     0.007747      3529290 
   35.600     0.000024943     0.004091     0.004136      3527725 
   35.700     0.000019655     0.003235     0.003263      3509779 
   35.800     0.000019415     0.003205     0.003211      3485547 
   35.900    -0.000000010    -0.000002    -0.000002      3515196 
   36.000     0.000019628     0.003234     0.003239      3536276 
   36.100     0.000023191     0.003773     0.003811      3499121 
   36.200     0.000015783     0.002595     0.002627      3500542 
   36.300     0.000013005     0.002120     0.002155      3508898 
   36.400     0.000019411     0.003180     0.003213      3506277 
   36.500     0.000032002     0.005209     0.005308      3498893 
   36.600     0.000015939     0.002613     0.002632      3468470 
   36.700     0.000023054     0.003767     0.003787      3461969 
   36.800     0.000012805     0.002088     0.002109      3493796 
   36.900     0.000004904     0.000804     0.000815      3492029 
   37.000     0.000001018     0.000167     0.000168      3489367 
   37.100     0.000012910     0.002129     0.002135      3482067 
   37.200     0.000007691     0.001270     0.001275      3461195 
   37.300     0.000029067     0.004827     0.004861      3468598 
   37.400     0.000023616     0.003907     0.003927      3481929 
   37.500     0.000012675     0.002074     0.002093      3458778 
   37.600     0.000016531     0.002736     0.002736      3437139 
   37.700     0.000010686     0.001770     0.001770      3477708 
   37.800     0.000011489     0.001888     0.001897      3474847 
   37.900     0.000019809     0.003300     0.003309      3506227 
   38.000     0.000025729     0.004264     0.004291      3467446 
   38.100     0.000011591     0.001933     0.001926      3467581 
   38.200     0.000016823     0.002776     0.002794      3495432 
   38.300     0.000002967     0.000484     0.000492      3467563 
   38.400     0.000026709     0.004362     0.004433      3450799 
   38.500     0.000015581     0.002559     0.002571      3466419 
   38.600     0.000019082     0.003125     0.003149      3460363 
   38.700    -0.000000515    -0.000085    -0.000086      3465546 
   38.800     0.000016958     0.002803     0.002814      3459834 
   38.900     0.000002620     0.000430     0.000434      3479039 
   39.000     0.000008947     0.001479     0.001486      3475550 
   39.100     0.000004791     0.000794     0.000803      3435085 
   39.200    -0.000009778    -0.001598    -0.001621      3454894 
   39.300     0.000003256     0.000542     0.000542      3452260 
   39.400     0.000033336     0.005564     0.005565      3450362 
   39.500     0.000021383     0.003482     0.003506      3444382 
   39.600     0.000009460     0.001563     0.001565      3445255 
   39.700     0.000005014     0.000823     0.000829      3440374 
   39.800    -0.000027203    -0.004444    -0.004477      3427800 
   39.900    -0.000006229    -0.001017    -0.001027      3412062 
   40.000     0.000025515     0.004141     0.004204      3387571 
   40.100    -0.000013423    -0.002211    -0.002228      3395376 
   40.200    -0.000017357    -0.002873    -0.002881      3401337 
   40.300    -0.000016179    -0.002645    -0.002674      3419781 
   40.400    -0.000008832    -0.001442    -0.001466      3425244 
   40.500    -0.000007834    -0.001284    -0.001294      3418114 
   40.600     0.000013509     0.002199     0.002241      3392992 
   40.700     0.000001352     0.000225     0.000226      3385716 
   40.800    -0.000000932    -0.000152    -0.000153      3413719 
   40.900     0.000002882     0.000476     0.000479      3369197 
   41.000     0.000017427     0.002803     0.002872      3356133 
   41.100     0.000010857     0.001791     0.001803      3355737 
   41.200     0.000005382     0.000889     0.000889      3391053 
   41.300     0.000003624     0.000596     0.000602      3383139 
   41.400     0.000004405     0.000718     0.000727      3385310 
   41.500    -0.000019190    -0.003162    -0.003171      3379077 
   41.600    -0.000008071    -0.001318    -0.001322      3356620 
   41.700     0.000004589     0.000754     0.000752      3360923 
   41.800    -0.000003855    -0.000632    -0.000636      3370380 
   41.900    -0.000011833    -0.001965    -0.001955      3348428 
   42.000     0.000007170     0.001188     0.001190      3327167 
   42.100     0.000014308     0.002348     0.002364      3348265 
   42.200    -0.000016096    -0.002679    -0.002670      3302800 
   42.300    -0.000005566    -0.000931    -0.000928      3300245 
   42.400     0.000010550     0.001739     0.001747      3317647 
   42.500     0.000032960     0.005438     0.005431      3337045 
   42.600     0.000015458     0.002554     0.002578      3316039 
   42.700    -0.000000142    -0.000023    -0.000024      3314909 
   42.800     0.000010857     0.001761     0.001785      3319543 
   42.900     0.000022491     0.003701     0.003719      3314486 
   43.000    -0.000003408    -0.000558    -0.000565      3330571 
   43.100    -0.000003791    -0.000614    -0.000621      3305442 
   43.200    -0.000016745    -0.002727    -0.002751      3282395 
   43.300    -0.000020732    -0.003424    -0.003453      3276744 
   43.400     0.000013639     0.002214     0.002244      3282698 
   43.500     0.000009058     0.001488     0.001493      3282688 
   43.600     0.000010592     0.001741     0.001749      3279143 
   43.700     0.000012917     0.002108     0.002126      3278448 
   43.800     0.000022617     0.003735     0.003746      3265538 
   43.900     0.000008930     0.001475     0.001485      3266869 
   44.000     0.000006286     0.001036     0.001044      3266551 
   44.100    -0.000016609    -0.002711    -0.002742      3261997 
   44.200     0.000005127     0.000828     0.000837      3230676 
   44.300     0.000004048     0.000662     0.000667      3264755 
   44.400     0.000007773     0.001280     0.001286      3267595 
   44.500     0.000000661     0.000108     0.000109      3231976 
   44.600    -0.000000115    -0.000019    -0.000019      3219474 
   44.700    -0.000000586    -0.000097    -0.000097      3206397 
   44.800     0.000009581     0.001572     0.001586      3227167 
   44.900     0.000018449     0.002979     0.003024      3223200 
   45.000     0.000007177     0.001164     0.001170      3214205 
   45.100     0.000011804     0.001940     0.001954      3233773 
   45.200     0.000031480     0.005169     0.005185      3230205 
   45.300     0.000010007     0.001658     0.001653      3212095 
   45.400    -0.000004298    -0.000712    -0.000713      3211921 
   45.500     0.000029382     0.004840     0.004859      3234501 
   45.600     0.000007311     0.001193     0.001208      3200611 
   45.700     0.000012761     0.002069     0.002086      3197975 
   45.800     0.000002429     0.000397     0.000401      3185859 
   45.900     0.000007211     0.001183     0.001206      3215638 
   46.000     0.000009350     0.001545     0.001559      3191903 
   46.100     0.000011095     0.001843     0.001847      3212967 
   46.200     0.000003035     0.000505     0.000504      3192156 
   46.300    -0.000016667    -0.002747    -0.002765      3191248 
   46.400    -0.000008278    -0.001351    -0.001365      3185190 
   46.500     0.000017018     0.002798     0.002806      3185588 
   46.600     0.000009245     0.001530     0.001531      3171991 
   46.700     0.000020002     0.003294     0.003294      3187192 
   46.800     0.000000598     0.000098     0.000099      3184253 
   46.900     0.000026024     0.004315     0.004336      3174148 
   47.000     0.000008244     0.001356     0.001370      3150582 
   47.100     0.000012424     0.002060     0.002051      3175439 
   47.200     0.000001172     0.000189     0.000191      3143997 
   47.300     0.000017306     0.002871     0.002856      3120838 
   47.400     0.000018871     0.003101     0.003130      3144051 
   47.500     0.000018115     0.002974     0.002973      3153449 
   47.600    -0.000002669    -0.000438    -0.000438      3146989 
   47.700    -0.000017672    -0.002922    -0.002923      3146475 
   47.800     0.000002648     0.000438     0.000440      3149878 
   47.900    -0.000011064    -0.001814    -0.001819      3099024 
   48.000    -0.000029680    -0.004889    -0.004916      3115352 
   48.100    -0.000010708    -0.001737    -0.001760      3131639 
   48.200    -0.000016243    -0.002693    -0.002703      3103779 
   48.300    -0.000012284    -0.002047    -0.002061      3120150 
   48.400    -0.000012700    -0.002086    -0.002095      3107839 
   48.500    -0.000008811    -0.001450    -0.001450      3097205 
   48.600    -0.000012449    -0.002062    -0.002063      3105596 
   48.700    -0.000024768    -0.004085    -0.004093      3091019 
   48.800    -0.000000069    -0.000011    -0.000011      3075423 
   48.900     0.000011821     0.001910     0.001936      3091989 
   49.000    -0.000000346    -0.000056    -0.000057      3107810 
   49.100     0.000011261     0.001846     0.001859      3066495 
   49.200     0.000012747     0.002091     0.002100      3082656 
   49.300     0.000022152     0.003632     0.003645      3075152 
   49.400    -0.000006125    -0.001007    -0.001013      3073625 
   49.500     0.000014468     0.002387     0.002386      3082481 
   49.600     0.000006833     0.001129     0.001126      3107696 
   49.700     0.000004053     0.000670     0.000670      3114522 
   49.800     0.000010570     0.001721     0.001732      3080544 
   49.900     0.000020673     0.003382     0.003415      3071846 
   50.000     0.000002171     0.000352     0.000357      3052661 
   50.100    -0.000004521    -0.000733    -0.000738      3023710 
   50.200     0.000001474     0.000238     0.000242      3019654 
   50.300    -0.000002356    -0.000388    -0.000388      3041037 
   50.400    -0.000009663    -0.001601    -0.001606      2992117 
   50.500    -0.000002940    -0.000488    -0.000491      3040328 
   50.600    -0.000007903    -0.001314    -0.001312      3064454 
   50.700    -0.000008616    -0.001421    -0.001430      3053341 
   50.800    -0.000012280    -0.002009    -0.002020      3038026 
   50.900     0.000004699     0.000779     0.000777      3006770 
   51.000     0.000003840     0.000631     0.000632      3010341 
   51.100    -0.000002263    -0.000371    -0.000372      2982095 
   51.200    -0.000003389    -0.000558    -0.000559      3011200 
   51.300    -0.000001978    -0.000324    -0.000326      3014801 
   51.400     0.000007414     0.001227     0.001229      3003666 
   51.500    -0.000018041    -0.002969    -0.002994      3015450 
   51.600     0.000001750     0.000289     0.000291      3009851 
   51.700     0.000000602     0.000100     0.000100      2990491 
   51.800    -0.000005429    -0.000905    -0.000905      3008377 
   51.900     0.000014756     0.002454     0.002446      2997921 
   52.000    -0.000008866    -0.001464    -0.001475      2981706 
   52.100    -0.000000493    -0.000081    -0.000082      2973024 
   52.200     0.000012219     0.002021     0.002025      2968184 
   52.300     0.000023106     0.003799     0.003820      2964751 
   52.400     0.000009213     0.001529     0.001517      2944774 
   52.500    -0.000021917    -0.003669    -0.003621      2956563 
   52.600     0.000006570     0.001084     0.001083      2955145 
   52.700    -0.000003045    -0.000494    -0.000496      2971757 
   52.800    -0.000010057    -0.001642    -0.001652      2961898 
   52.900    -0.000026832    -0.004428    -0.004430      2938610 
   53.000    -0.000015790    -0.002621    -0.002620      2941131 
   53.100     0.000012188     0.001990     0.001983      2965981 
   53.200    -0.000002518    -0.000415    -0.000417      2963204 
   53.300     0.000002809     0.000463     0.000463      2939717 
   53.400    -0.000031335    -0.005129    -0.005176      2945093 
   53.500    -0.000028089    -0.004644    -0.004651      2939069 
   53.600    -0.000017758    -0.002958    -0.002922      2927774 
   53.700    -0.000021259    -0.003516    -0.003508      2930529 
   53.800    -0.000021681    -0.003569    -0.003598      2915430 
   53.900    -0.000008109    -0.001336    -0.001340      2945770 
   54.000    -0.000030244    -0.004948    -0.004977      2905939 
   54.100    -0.000031095    -0.005080    -0.005117      2908754 
   54.200     0.000006548     0.001074     0.001083      2902678 
   54.300    -0.000012885    -0.002121    -0.002117      2876282 
   54.400    -0.000020089    -0.003346    -0.003333      2899020 
   54.500    -0.000001714    -0.000285    -0.000285      2894967 
   54.600    -0.000007366    -0.001212    -0.001214      2881905 
   54.700     0.000008400     0.001399     0.001395      2904075 
   54.800     0.000005035     0.000822     0.000826      2907125 
   54.900     0.000006781     0.001127     0.001127      2885534 
   55.000    -0.000014606    -0.002406    -0.002413      2883112 
   55.100     0.000003365     0.000553     0.000555      2874613 
   55.200     0.000008163     0.001360     0.001363      2873666 
   55.300     0.000012511     0.002085     0.002096      2902007 
   55.400     0.000027921     0.004646     0.004647      2878126 
   55.500     0.000033707     0.005597     0.005607      2878148 
   55.600     0.000027984     0.004619     0.004615      2882986 
   55.700     0.000018381     0.003027     0.003030      2872330 
   55.800     0.000001696     0.000282     0.000283      2846519 
   55.900     0.000033149     0.005539     0.005508      2847406 
   56.000     0.000029076     0.004830     0.004816      2871154 
   56.100    -0.000004817    -0.000794    -0.000796      2844505 
   56.200     0.000005112     0.000849     0.000847      2839985 
   56.300     0.000012935     0.002137     0.002128      2841908 
   56.400     0.000022210     0.003663     0.003689      2846838 
   56.500     0.000037379     0.006103     0.006139      2872395 
   56.600     0.000016424     0.002712     0.002719      2868374 
   56.700     0.000004327     0.000710     0.000717      2855411 
   56.800     0.000002744     0.000450     0.000451      2851604 
   56.900     0.000002911     0.000478     0.000480      2844270 
   57.000     0.000013931     0.002310     0.002310      2824424 
   57.100    -0.000001574    -0.000260    -0.000259      2808461 
   57.200     0.000021363     0.003524     0.003536      2821336 
   57.300     0.000020211     0.003302     0.003307      2830351 
   57.400    -0.000011079    -0.001815    -0.001803      2800377 
   57.500     0.000012446     0.002047     0.002046      2812544 
   57.600     0.000006282     0.001039     0.001038      2794983 
   57.700     0.000017013     0.002797     0.002793      2806925 
   57.800     0.000006552     0.001085     0.001086      2813379 
   57.900     0.000004524     0.000746     0.000744      2778924 
   58.000     0.000025304     0.004149     0.004131      2804359 
   58.100     0.000016782     0.002770     0.002764      2797784 
   58.200     0.000017799     0.002928     0.002935      2791798 
   58.300     0.000029009     0.004772     0.004783      2776568 
   58.400     0.000022311     0.003680     0.003678      2781797 
   58.500     0.000005105     0.000832     0.000832      2781517 
   58.600     0.000000001     0.000000     0.000000      2780484 
   58.700     0.000013562     0.002201     0.002204      2783762 
   58.800     0.000006312     0.001020     0.001028      2789508 
   58.900     0.000010032     0.001621     0.001638      2748828 
   59.000     0.000006798     0.001118     0.001116      2753620 
   59.100    -0.000010581    -0.001733    -0.001719      2730977 
   59.200     0.000010424     0.001718     0.001716      2733559 
   59.300    -0.000005710    -0.000938    -0.000937      2764060 
   59.400    -0.000011496    -0.001904    -0.001891      2758631 
   59.500    -0.000021316    -0.003523    -0.003505      2765584 
   59.600    -0.000000067    -0.000011    -0.000011      2750900 
   59.700     0.000008438     0.001389     0.001388      2732038 
   59.800     0.000020113     0.003356     0.003324      2750347 
   59.900    -0.000007700    -0.001254    -0.001258      2745239 
   60.000     0.000025869     0.004239     0.004250      2737931 
   60.100     0.000010975     0.001799     0.001798      2720438 
   60.200     0.000000141     0.000023     0.000023      2750329 
   60.300     0.000001825     0.000300     0.000299      2712671 
   60.400    -0.000010491    -0.001716    -0.001708      2717804 
   60.500    -0.000001462    -0.000238    -0.000237      2714292 
   60.600     0.000003272     0.000536     0.000536      2715313 
   60.700    -0.000000720    -0.000119    -0.000119      2743312 
   60.800     0.000019222     0.003130     0.003176      2736480 
   60.900     0.000001791     0.000293     0.000295      2715087 
   61.000     0.000017462     0.002839     0.002860      2702967 
   61.100    -0.000034095    -0.005468    -0.005554      2687272 
   61.200    -0.000014789    -0.002418    -0.002431      2672892 
   61.300    -0.000009699    -0.001570    -0.001578      2681974 
   61.400    -0.000022598    -0.003651    -0.003706      2677626 
   61.500    -0.000022833    -0.003725    -0.003769      2710699 
   61.600    -0.000020993    -0.003428    -0.003449      2676806 
   61.700    -0.000014861    -0.002422    -0.002451      2670878 
   61.800    -0.000020804    -0.003363    -0.003396      2662613 
   61.900     0.000004993     0.000823     0.000817      2663433 
   62.000    -0.000016410    -0.002680    -0.002686      2655496 
   62.100    -0.000027665    -0.004551    -0.004539      2650065 
   62.200    -0.000023903    -0.003934    -0.003960      2676365 
   62.300    -0.000014777    -0.002426    -0.002439      2668017 
   62.400    -0.000027754    -0.004563    -0.004578      2645633 
   62.500    -0.000025660    -0.004185    -0.004221      2624600 
   62.600    -0.000009931    -0.001644    -0.001643      2617456 
   62.700    -0.000007081    -0.001159    -0.001175      2652407 
   62.800    -0.000041119    -0.006737    -0.006784      2625183 
   62.900    -0.000007723    -0.001257    -0.001260      2628951 
   63.000    -0.000034175    -0.005586    -0.005612      2617336 
   63.100    -0.000040196    -0.006602    -0.006643      2623803 
   63.200    -0.000033525    -0.005540    -0.005542      2653911 
   63.300    -0.000023109    -0.003826    -0.003856      2649064 
   63.400     0.000020056     0.003308     0.003342      2604677 
   63.500    -0.000024121    -0.004001    -0.004017      2617849 
   63.600     0.000005117     0.000846     0.000856      2633789 
   63.700    -0.000018845    -0.003132    -0.003141      2639490 
   63.800    -0.000012345    -0.002054    -0.002056      2623868 
   63.900    -0.000031504    -0.005208    -0.005238      2615202 
   64.000     0.000000267     0.000044     0.000044      2576065 
   64.100    -0.000015902    -0.002622    -0.002640      2598370 
   64.200     0.000003463     0.000572     0.000576      2605976 
   64.300     0.000000238     0.000039     0.000039      2593638 
   64.400     0.000022788     0.003723     0.003761      2582453 
   64.500     0.000017357     0.002879     0.002879      2578781 
   64.600     0.000002320     0.000381     0.000384      2585407 
   64.700     0.000006694     0.001115     0.001112      2591098 
   64.800    -0.000003778    -0.000629    -0.000628      2570420 
   64.900     0.000000007     0.000001     0.000001      2556448 
   65.000     0.000002120     0.000348     0.000350      2551882 
   65.100    -0.000009845    -0.001634    -0.001624      2574944 
   65.200     0.000007542     0.001237     0.001239      2559730 
   65.300     0.000002309     0.000385     0.000386      2567371 
   65.400     0.000013004     0.002152     0.002156      2561544 
   65.500     0.000013625     0.002243     0.002258      2570014 
   65.600    -0.000019450    -0.003200    -0.003206      2558356 
   65.700    -0.000010621    -0.001756    -0.001753      2550124 
   65.800    -0.000003721    -0.000615    -0.000614      2559605 
   65.900     0.000023329     0.003870     0.003834      2540616 
   66.000     0.000022843     0.003799     0.003761      2542040 
   66.100     0.000003015     0.000500     0.000503      2531086 
   66.200    -0.000011229    -0.001869    -0.001866      2530944 
   66.300    -0.000015024    -0.002488    -0.002498      2526253 
   66.400    -0.000022326    -0.003663    -0.003706      2534928 
   66.500    -0.000019256    -0.003216    -0.003213      2522740 
   66.600    -0.000003099    -0.000512    -0.000516      2514776 
   66.700     0.000008774     0.001451     0.001455      2560812 
   66.800     0.000012098     0.001962     0.001990      2533328 
   66.900     0.000005445     0.000890     0.000893      2533511 
   67.000     0.000006909     0.001140     0.001136      2526450 
   67.100    -0.000002048    -0.000336    -0.000336      2524782 
   67.200    -0.000033134    -0.005433    -0.005437      2512385 
   67.300    -0.000009696    -0.001603    -0.001606      2525492 
   67.400     0.000002651     0.000431     0.000433      2516638 
   67.500     0.000002327     0.000384     0.000384      2528330 
   67.600     0.000008074     0.001334     0.001336      2494790 
   67.700     0.000011184     0.001853     0.001868      2500327 
   67.800     0.000021008     0.003480     0.003499      2492052 
   67.900     0.000013591     0.002251     0.002251      2508477 
   68.000     0.000014136     0.002345     0.002338      2497558 
   68.100     0.000004278     0.000687     0.000700      2494758 
   68.200    -0.000001578    -0.000260    -0.000261      2499682 
   68.300     0.000020827     0.003411     0.003426      2482039 
   68.400     0.000010115     0.001665     0.001668      2478009 
   68.500     0.000007726     0.001261     0.001273      2481852 
   68.600     0.000003472     0.000565     0.000575      2456821 
   68.700     0.000019920     0.003248     0.003286      2475821 
   68.800     0.000002235     0.000370     0.000370      2490147 
   68.900     0.000007684     0.001260     0.001280      2476692 
   69.000     0.000039818     0.006568     0.006576      2464100 
   69.100     0.000014858     0.002434     0.002467      2477495 
   69.200     0.000006997     0.001137     0.001149      2463545 
   69.300    -0.000020549    -0.003309    -0.003373      2449339 
   69.400    -0.000016644    -0.002711    -0.002733      2456906 
   69.500     0.000015472     0.002541     0.002567      2454391 
   69.600     0.000010134     0.001675     0.001684      2446921 
   69.700     0.000013340     0.002168     0.002211      2450213 
   69.800     0.000011169     0.001839     0.001856      2430786 
   69.900     0.000016702     0.002719     0.002774      2424886 
   70.000    -0.000005582    -0.000900    -0.000918      2407471 
   70.100     0.000017082     0.002816     0.002846      2439985 
   70.200    -0.000019785    -0.003223    -0.003264      2436524 
   70.300     0.000007520     0.001220     0.001237      2425540 
   70.400     0.000003800     0.000619     0.000626      2424164 
   70.500    -0.000024454    -0.004007    -0.004023      2415901 
   70.600    -0.000026559    -0.004363    -0.004398      2401751 
   70.700    -0.000017987    -0.002980    -0.002993      2412861 
   70.800    -0.000009053    -0.001506    -0.001508      2417268 
   70.900     0.000012876     0.002132     0.002153      2421137 
   71.000     0.000007561     0.001248     0.001257      2412158 
   71.100     0.000004236     0.000700     0.000707      2408384 
   71.200     0.000000463     0.000077     0.000077      2381569 
   71.300    -0.000004169    -0.000683    -0.000691      2397594 
   71.400     0.000012129     0.001996     0.002007      2418576 
   71.500     0.000001840     0.000304     0.000305      2405743 
   71.600    -0.000027610    -0.004586    -0.004563      2413092 
   71.700    -0.000009715    -0.001617    -0.001619      2407972 
   71.800    -0.000014472    -0.002397    -0.002407      2380156 
   71.900    -0.000021880    -0.003672    -0.003650      2388340 
   72.000    -0.000000904    -0.000150    -0.000150      2420551 
   72.100     0.000005944     0.000979     0.000992      2390168 
   72.200     0.000004268     0.000708     0.000705      2371599 
   72.300     0.000006533     0.001072     0.001078      2382812 
   72.400     0.000021005     0.003416     0.003461      2382577 
   72.500    -0.000010499    -0.001730    -0.001724      2379711 
   72.600    -0.000002798    -0.000458    -0.000463      2388815 
   72.700     0.000002478     0.000414     0.000415      2372482 
   72.800    -0.000008251    -0.001339    -0.001348      2356455 
   72.900    -0.000005236    -0.000855    -0.000865      2392524 
   73.000    -0.000006034    -0.000991    -0.000997      2370947 
   73.100    -0.000007641    -0.001259    -0.001265      2372554 
   73.200    -0.000002959    -0.000492    -0.000493      2339197 
   73.300     0.000026949     0.004445     0.004455      2350039 
   73.400    -0.000027920    -0.004628    -0.004617      2365683 
   73.500    -0.000029819    -0.004991    -0.004965      2335576 
   73.600    -0.000002645    -0.000440    -0.000441      2345908 
   73.700    -0.000011128    -0.001842    -0.001850      2360470 
   73.800     0.000020039     0.003330     0.003308      2357371 
   73.900     0.000015081     0.002497     0.002498      2330477 
   74.000     0.000009175     0.001534     0.001527      2314743 
   74.100    -0.000010361    -0.001725    -0.001728      2323303 
   74.200     0.000010569     0.001778     0.001780      2341986 
   74.300    -0.000000895    -0.000148    -0.000150      2327260 
   74.400    -0.000012361    -0.002062    -0.002066      2306577 
   74.500     0.000019200     0.003197     0.003225      2315855 
   74.600    -0.000001754    -0.000287    -0.000290      2306198 
   74.700    -0.000007919    -0.001293    -0.001310      2287630 
   74.800     0.000011537     0.001924     0.001909      2272877 
   74.900    -0.000018273    -0.003017    -0.003025      2286360 
   75.000     0.000003331     0.000545     0.000547      2269075 
   75.100     0.000023994     0.003972     0.003996      2276579 
   75.200     0.000012190     0.002032     0.002040      2275582 
   75.300     0.000005827     0.000969     0.000964      2291502 
   75.400     0.000010936     0.001814     0.001819      2271196 
   75.500     0.000026360     0.004380     0.004410      2249276 
   75.600     0.000000006     0.000001     0.000001      2275495 
   75.700    -0.000001945    -0.000325    -0.000326      2285524 
   75.800     0.000016069     0.002693     0.002705      2256292 
   75.900     0.000003484     0.000569     0.000578      2245235 
   76.000     0.000002883     0.000480     0.000482      2231667 
   76.100     0.000020973     0.003516     0.003508      2240698 
   76.200     0.000016150     0.002703     0.002693      2254334 
   76.300    -0.000007938    -0.001323    -0.001325      2255758 
   76.400     0.000025442     0.004217     0.004220      2274526 
   76.500     0.000013584     0.002271     0.002256      2233939 
   76.600    -0.000012543    -0.002085    -0.002096      2223447 
   76.700     0.000012264     0.002060     0.002055      2223193 
   76.800     0.000026630     0.004388     0.004414      2218168 
   76.900     0.000020195     0.003274     0.003305      2229840 
   77.000     0.000016129     0.002643     0.002664      2226514 
   77.100     0.000017445     0.002875     0.002846      2224176 
   77.200     0.000014284     0.002371     0.002368      2241322 
   77.300     0.000034000     0.005687     0.005663      2230874 
   77.400    -0.000000615    -0.000103    -0.000103      2230541 
   77.500    -0.000026511    -0.004442    -0.004432      2216691 
   77.600    -0.000030882    -0.005136    -0.005127      2203681 
   77.700     0.000023886     0.003982     0.003968      2210566 
   77.800     0.000010392     0.001752     0.001735      2217436 
   77.900     0.000001775     0.000294     0.000292      2218751 
   78.000     0.000024715     0.004122     0.004085      2214778 
   78.100     0.000006445     0.001056     0.001059      2223211 
   78.200    -0.000006772    -0.001115    -0.001121      2208185 
   78.300     0.000004814     0.000794     0.000802      2188481 
   78.400     0.000004480     0.000748     0.000751      2187383 
   78.500     0.000020295     0.003366     0.003375      2213469 
   78.600     0.000003733     0.000615     0.000621      2196771 
   78.700     0.000005599     0.000927     0.000935      2227333 
   78.800     0.000009746     0.001605     0.001616      2200554 
   78.900     0.000007022     0.001165     0.001171      2200260 
   79.000     0.000024912     0.004123     0.004141      2174280 
   79.100     0.000009199     0.001547     0.001539      2199850 
   79.200     0.000014737     0.002459     0.002463      2170745 
   79.300     0.000000502     0.000084     0.000083      2177728 
   79.400     0.000025102     0.004172     0.004157      2182842 
   79.500     0.000020944     0.003454     0.003457      2159968 
   79.600     0.000000471     0.000078     0.000078      2148926 
   79.700     0.000015643     0.002598     0.002563      2163146 
   79.800     0.000006798     0.001131     0.001118      2159539 
   79.900     0.000018219     0.003021     0.003018      2152326 
   80.000     0.000013931     0.002299     0.002306      2190133 
   80.100     0.000008784     0.001428     0.001450      2162448 
   80.200    -0.000007612    -0.001257    -0.001263      2167134 
   80.300     0.000001616     0.000267     0.000269      2167753 
   80.400     0.000043313     0.007124     0.007166      2165576 
   80.500     0.000035828     0.005940     0.005975      2163725 
   80.600     0.000000223     0.000037     0.000037      2148171 
   80.700     0.000020231     0.003326     0.003314      2132306 
   80.800     0.000020742     0.003413     0.003437      2154111 
   80.900     0.000018444     0.003049     0.003069      2157758 
   81.000     0.000032406     0.005357     0.005329      2143588 
   81.100     0.000010144     0.001686     0.001684      2128422 
   81.200     0.000016132     0.002696     0.002663      2109964 
   81.300     0.000028494     0.004678     0.004723      2120564 
   81.400     0.000030354     0.004988     0.005018      2113468 
   81.500     0.000019821     0.003319     0.003317      2115899 
   81.600     0.000042163     0.006863     0.006866      2100800 
   81.700     0.000035797     0.005838     0.005848      2088367 
   81.800    -0.000003651    -0.000590    -0.000591      2085365 
   81.900     0.000021993     0.003580     0.003570      2096749 
   82.000     0.000029387     0.004798     0.004844      2088498 
   82.100     0.000023264     0.003843     0.003867      2072837 
   82.200     0.000040696     0.006692     0.006729      2062149 
   82.300     0.000028178     0.004635     0.004683      2067327 
   82.400     0.000016079     0.002626     0.002643      2083222 
   82.500     0.000034352     0.005592     0.005621      2077965 
   82.600    -0.000006350    -0.001058    -0.001054      2078071 
   82.700     0.000020451     0.003393     0.003384      2072767 
   82.800     0.000023128     0.003797     0.003800      2057702 
   82.900    -0.000006884    -0.001124    -0.001119      2054776 
   83.000    -0.000014027    -0.002295    -0.002317      2054745 
   83.100    -0.000008794    -0.001458    -0.001454      2052838 
   83.200    -0.000010493    -0.001753    -0.001747      2062314 
   83.300    -0.000013917    -0.002283    -0.002290      2023968 
   83.400    -0.000019065    -0.003146    -0.003157      2046328 
   83.500    -0.000006056    -0.001003    -0.001009      2028895 
   83.600    -0.000041111    -0.006730    -0.006809      2041436 
   83.700    -0.000003993    -0.000663    -0.000664      2055311 
   83.800    -0.000004427    -0.000725    -0.000731      2031316 
   83.900    -0.000006790    -0.001115    -0.001124      2033071 
   84.000    -0.000003122    -0.000512    -0.000515      2027904 
   84.100    -0.000002506    -0.000414    -0.000416      2022752 
   84.200    -0.000021399    -0.003493    -0.003536      2032002 
   84.300    -0.000028014    -0.004603    -0.004609      2032321 
   84.400    -0.000015634    -0.002585    -0.002593      2018683 
   84.500    -0.000013605    -0.002256    -0.002250      2016416 
   84.600    -0.000017541    -0.002881    -0.002890      2009191 
   84.700    -0.000025440    -0.004204    -0.004181      2013315 
   84.800     0.000013890     0.002296     0.002283      2028929 
   84.900     0.000022960     0.003780     0.003788      2021867 
   85.000     0.000034982     0.005677     0.005718      2006546 
   85.100     0.000021679     0.003550     0.003578      2023585 
   85.200    -0.000017311    -0.002852    -0.002866      2025353 
   85.300    -0.000000892    -0.000146    -0.000146      2012744 
   85.400     0.000001965     0.000322     0.000323      2014085 
   85.500     0.000003987     0.000654     0.000652      2012309 
   85.600    -0.000030913    -0.005108    -0.005075      2022030 
   85.700     0.000004146     0.000684     0.000682      2002144 
   85.800     0.000009391     0.001546     0.001538      2002380 
   85.900    -0.000010205    -0.001658    -0.001666      2002630 
   86.000    -0.000028431    -0.004589    -0.004617      2006279 
   86.100    -0.000028057    -0.004629    -0.004626      2004868 
   86.200    -0.000024021    -0.003940    -0.003959      2002430 
   86.300    -0.000024181    -0.003948    -0.003972      1991876 
   86.400     0.000028775     0.004762     0.004742      2002403 
   86.500     0.000009648     0.001601     0.001596      2005526 
   86.600    -0.000012363    -0.002041    -0.002034      1980040 
   86.700     0.000014651     0.002383     0.002397      1994516 
   86.800    -0.000007038    -0.001166    -0.001169      1993520 
   86.900     0.000004655     0.000760     0.000770      1988523 
   87.000     0.000009018     0.001506     0.001504      1960480 
   87.100     0.000021209     0.003485     0.003501      1972729 
   87.200     0.000012375     0.002043     0.002044      1968160 
   87.300     0.000005044     0.000841     0.000841      1965966 
   87.400     0.000019354     0.003185     0.003189      1954424 
   87.500     0.000041081     0.006815     0.006812      1952821 
   87.600     0.000016962     0.002852     0.002848      1966900 
   87.700     0.000035682     0.005973     0.005898      1950294 
   87.800     0.000025133     0.004174     0.004165      1956901 
   87.900     0.000010987     0.001818     0.001817      1953350 
   88.000     0.000031619     0.005203     0.005257      1930744 
   88.100     0.000002651     0.000442     0.000444      1939116 
   88.200     0.000021197     0.003523     0.003525      1932726 
   88.300     0.000012348     0.002069     0.002072      1927765 
   88.400    -0.000013040    -0.002149    -0.002138      1919108 
   88.500     0.000007105     0.001167     0.001174      1922460 
   88.600     0.000019195     0.003181     0.003186      1930697 
   88.700     0.000013752     0.002255     0.002280      1918941 
   88.800    -0.000003821    -0.000633    -0.000643      1925612 
   88.900    -0.000020393    -0.003406    -0.003412      1919205 
   89.000    -0.000014752    -0.002459    -0.002462      1914759 
   89.100    -0.000037966    -0.006375    -0.006339      1889396 
   89.200    -0.000021315    -0.003529    -0.003569      1909027 
   89.300    -0.000017693    -0.002916    -0.002914      1898274 
   89.400    -0.000010369    -0.001697    -0.001708      1912557 
   89.500     0.000014209     0.002358     0.002356      1899672 
   89.600     0.000025019     0.004131     0.004147      1901026 
   89.700    -0.000004816    -0.000799    -0.000799      1905212 
   89.800    -0.000032874    -0.005463    -0.005480      1893873 
   89.900    -0.000002217    -0.000368    -0.000370      1906754 
   90.000    -0.000032870    -0.005487    -0.005423      1890962 
   90.100    -0.000034355    -0.005719    -0.005676      1888926 
   90.200    -0.000019107    -0.003147    -0.003139      1875923 
   90.300    -0.000002970    -0.000495    -0.000493      1869426 
   90.400    -0.000017606    -0.002889    -0.002899      1862690 
   90.500    -0.000017451    -0.002894    -0.002875      1861704 
   90.600    -0.000006311    -0.001056    -0.001051      1859025 
   90.700     0.000015667     0.002627     0.002622      1865229 
   90.800    -0.000012998    -0.002166    -0.002167      1860979 
   90.900     0.000016115     0.002697     0.002691      1867282 
   91.000     0.000004754     0.000795     0.000797      1863791 
   91.100     0.000005669     0.000948     0.000952      1863855 
   91.200     0.000050092     0.008304     0.008368      1845830 
   91.300    -0.000001247    -0.000207    -0.000208      1839010 
   91.400     0.000006260     0.001041     0.001034      1824897 
   91.500    -0.000027007    -0.004441    -0.004459      1846486 
   91.600    -0.000010618    -0.001770    -0.001773      1829107 
   91.700    -0.000017971    -0.002990    -0.002989      1822846 
   91.800     0.000009968     0.001652     0.001651      1851080 
   91.900     0.000006297     0.001046     0.001054      1845543 
   92.000     0.000023823     0.003948     0.003955      1821912 
   92.100     0.000005675     0.000932     0.000938      1843788 
   92.200     0.000022636     0.003763     0.003752      1820831 
   92.300     0.000006184     0.001012     0.001024      1806991 
   92.400    -0.000002935    -0.000489    -0.000488      1809445 
   92.500     0.000008776     0.001458     0.001451      1806473 
   92.600     0.000012720     0.002100     0.002096      1797739 
   92.700     0.000002507     0.000413     0.000417      1788087 
   92.800     0.000015393     0.002539     0.002534      1789014 
   92.900    -0.000002664    -0.000439    -0.000442      1816608 
   93.000     0.000011290     0.001851     0.001860      1804629 
   93.100     0.000028711     0.004697     0.004711      1781978 
   93.200     0.000001692     0.000276     0.000279      1806578 
   93.300     0.000021126     0.003438     0.003464      1797779 
   93.400    -0.000023332    -0.003833    -0.003823      1784645 
   93.500     0.000015175     0.002489     0.002498      1797821 
   93.600     0.000007835     0.001274     0.001279      1784468 
   93.700     0.000010897     0.001800     0.001808      1772862 
   93.800     0.000009479     0.001553     0.001578      1749052 
   93.900     0.000036562     0.005917     0.006023      1773752 
   94.000     0.000044737     0.007368     0.007409      1760403 
   94.100     0.000017242     0.002813     0.002831      1756632 
   94.200     0.000016056     0.002624     0.002638      1755261 
   94.300     0.000007465     0.001242     0.001248      1769438 
   94.400     0.000012280     0.002012     0.002045      1747105 
   94.500     0.000011373     0.001860     0.001894      1751876 
   94.600     0.000024099     0.003986     0.004010      1753797 
   94.700     0.000031483     0.005122     0.005146      1737921 
   94.800     0.000017799     0.002887     0.002909      1738795 
   94.900     0.000010400     0.001698     0.001716      1732509 
   95.000    -0.000014601    -0.002395    -0.002404      1752583 
   95.100    -0.000014969    -0.002483    -0.002473      1745589 
   95.200     0.000010716     0.001749     0.001756      1753702 
   95.300    -0.000011821    -0.001913    -0.001916      1725988 
   95.400     0.000008307     0.001365     0.001354      1750290 
   95.500     0.000012896     0.002112     0.002126      1737519 
   95.600     0.000016217     0.002688     0.002711      1731203 
   95.700     0.000007194     0.001185     0.001197      1742269 
   95.800    -0.000011614    -0.001911    -0.001934      1718717 
   95.900     0.000014201     0.002340     0.002379      1738714 
   96.000     0.000012013     0.001990     0.002006      1738381 
   96.100    -0.000024501    -0.004042    -0.004069      1750756 
   96.200    -0.000014848    -0.002437    -0.002463      1737163 
   96.300     0.000019681     0.003252     0.003270      1738839 
   96.400    -0.000022284    -0.003661    -0.003671      1711715 
   96.500     0.000003331     0.000554     0.000553      1742335 
   96.600     0.000012348     0.002036     0.002064      1728583 
   96.700    -0.000005633    -0.000938    -0.000938      1707892 
   96.800    -0.000014594    -0.002425    -0.002400      1697872 
   96.900    -0.000014545    -0.002356    -0.002394      1704893 
   97.000     0.000013269     0.002211     0.002229      1699573 
   97.100     0.000012959     0.002127     0.002162      1706196 
   97.200     0.000000240     0.000040     0.000040      1704651 
   97.300    -0.000017490    -0.002871    -0.002877      1703248 
   97.400    -0.000012455    -0.002027    -0.002043      1696979 
   97.500    -0.000029243    -0.004867    -0.004856      1688912 
   97.600    -0.000042541    -0.006951    -0.007038      1684228 
   97.700    -0.000006979    -0.001144    -0.001156      1685205 
   97.800    -0.000039249    -0.006539    -0.006509      1694165 
   97.900     0.000000609     0.000100     0.000101      1680405 
   98.000    -0.000018289    -0.003012    -0.003032      1683910 
   98.100    -0.000012639    -0.002091    -0.002114      1680704 
   98.200     0.000007819     0.001276     0.001306      1676856 
   98.300     0.000021851     0.003560     0.003601      1691976 
   98.400     0.000001690     0.000275     0.000279      1698758 
   98.500    -0.000002858    -0.000469    -0.000475      1686383 
   98.600    -0.000021158    -0.003480    -0.003485      1645463 
   98.700    -0.000023771    -0.003902    -0.003960      1659306 
   98.800    -0.000008542    -0.001403    -0.001420      1657726 
   98.900    -0.000010872    -0.001782    -0.001795      1636039 
   99.000    -0.000010780    -0.001786    -0.001796      1638574 
   99.100    -0.000028750    -0.004738    -0.004780      1649414 
   99.200    -0.000022487    -0.003712    -0.003762      1645163 
   99.300    -0.000017390    -0.002874    -0.002906      1629291 
   99.400    -0.000001063    -0.000174    -0.000175      1640447 
   99.500    -0.000039105    -0.006472    -0.006516      1646965 
   99.600    -0.000023887    -0.003990    -0.003968      1634819 
   99.700    -0.000018675    -0.003073    -0.003088      1633269 
   99.800    -0.000032808    -0.005395    -0.005417      1637831 
   99.900    -0.000037869    -0.006332    -0.006308      1622098 
  100.000    -0.000006692    -0.001108    -0.001110      1610396 
